[[0;32m  OK  [0m] Started [0;1;39mirqbalance daemon[0m.
         Starting [0;1;39mDispatcher daemon for systemd-networkd[0m...
         Starting [0;1;39mAuthorization Manager[0m...
         Starting [0;1;39mPower Profiles daemon[0m...
         Starting [0;1;39mSystem Logging Service[0m...
[[0;32m  OK  [0m] Reached target [0;1;39mPreparation for Logins[0m.
         Starting [0;1;39mSnap Daemon[0m...
         Starting [0;1;39mSwitcheroo Control Proxy service[0m...
         Starting [0;1;39mUser Login Management[0m...
         Starting [0;1;39mDisk Manager[0m...
         Starting [0;1;39mWPA supplicant[0m...
         Starting [0;1;39mRotate log files[0m...
[[0;32m  OK  [0m] Finished [0;1;39mRemove Stale Online ext4 Metadata Check Snapshots[0m.
[[0;32m  OK  [0m] Finished [0;1;39mDetect the available GPUs and deal with any system changes[0m.
[[0;32m  OK  [0m] Started [0;1;39mSystem Logging Service[0m.
[[0;32m  OK  [0m] Finished [0;1;39mRecord successful boot for GRUB[0m.
[[0;32m  OK  [0m] Started [0;1;39mPower Profiles daemon[0m.
[[0;32m  OK  [0m] Started [0;1;39mNetwork Manager[0m.
[[0;32m  OK  [0m] Started [0;1;39mAuthorization Manager[0m.
[[0;32m  OK  [0m] Started [0;1;39mSwitcheroo Control Proxy service[0m.
[[0;32m  OK  [0m] Started [0;1;39mAccounts Service[0m.
[[0;32m  OK  [0m] Started [0;1;39mBluetooth service[0m.
[[0;32m  OK  [0m] Started [0;1;39mWPA supplicant[0m.
[[0;32m  OK  [0m] Started [0;1;39mAvahi mDNS/DNS-SD Stack[0m.
[[0;32m  OK  [0m] Reached target [0;1;39mBluetooth Support[0m.
[[0;32m  OK  [0m] Reached target [0;1;39mNetwork[0m.
         Starting [0;1;39mModem Manager[0m...
         Starting [0;1;39mNetwork Manager Wait Online[0m...
         Starting [0;1;39mCUPS Scheduler[0m...
         Starting [0;1;39mGRUB failed boot detection[0m...
         Starting [0;1;39mOpenVPN service[0m...
         Starting [0;1;39mHostname Service[0m...
         Starting [0;1;39mPermit User Sessions[0m...
[[0;32m  OK  [0m] Finished [0;1;39mOpenVPN service[0m.
[[0;32m  OK  [0m] Finished [0;1;39mPermit User Sessions[0m.
[[0;32m  OK  [0m] Finished [0;1;39mGRUB failed boot detection[0m.
[[0;32m  OK  [0m] Started [0;1;39mLSB: automatic crash report generation[0m.
[[0;32m  OK  [0m] Started [0;1;39mUser Login Management[0m.
         Starting [0;1;39mSave/Restore Sound Card State[0m...
         Starting [0;1;39mGNOME Display Manager[0m...
         Starting [0;1;39mHold until boot process finishes up[0m...
[[0;32m  OK  [0m] Started [0;1;39mUnattended Upgrades Shutdown[0m.
[[0;32m  OK  [0m] Started [0;1;39mCUPS Scheduler[0m.
[[0;32m  OK  [0m] Finished [0;1;39mSave/Restore Sound Card State[0m.
[[0;32m  OK  [0m] Reached target [0;1;39mSound Card[0m.
[[0;32m  OK  [0m] Started [0;1;39mHostname Service[0m.
         Stopping [0;1;39mCUPS Scheduler[0m...
[[0;32m  OK  [0m] Stopped [0;1;39mCUPS Scheduler[0m.
[[0;32m  OK  [0m] Started [0;1;39mModem Manager[0m.
[[0;32m  OK  [0m] Started [0;1;39mGNOME Display Manager[0m.
[[0;32m  OK  [0m] Stopped [0;1;39mCUPS Scheduler[0m.
         Stopping [0;1;39mCUPS Scheduler[0m...
[[0;32m  OK  [0m] Started [0;1;39mCUPS Scheduler[0m.
[[0;32m  OK  [0m] Closed [0;1;39mCUPS Scheduler[0m.
         Stopping [0;1;39mCUPS Scheduler[0m...
[[0;32m  OK  [0m] Listening on [0;1;39mCUPS Scheduler[0m.
         Starting [0;1;39mCUPS Scheduler[0m...
[[0;32m  OK  [0m] Started [0;1;39mDisk Manager[0m.
