2023-06-08 15:06:19 startup archives unpack
2023-06-08 15:06:20 upgrade openssl:amd64 3.0.2-0ubuntu1.9 3.0.2-0ubuntu1.10
2023-06-08 15:06:20 status half-configured openssl:amd64 3.0.2-0ubuntu1.9
2023-06-08 15:06:20 status unpacked openssl:amd64 3.0.2-0ubuntu1.9
2023-06-08 15:06:20 status half-installed openssl:amd64 3.0.2-0ubuntu1.9
2023-06-08 15:06:20 status triggers-pending man-db:amd64 2.10.2-1
2023-06-08 15:06:20 status unpacked openssl:amd64 3.0.2-0ubuntu1.10
2023-06-08 15:06:20 startup packages configure
2023-06-08 15:06:20 configure openssl:amd64 3.0.2-0ubuntu1.10 <none>
2023-06-08 15:06:20 status unpacked openssl:amd64 3.0.2-0ubuntu1.10
2023-06-08 15:06:20 status half-configured openssl:amd64 3.0.2-0ubuntu1.10
2023-06-08 15:06:20 status installed openssl:amd64 3.0.2-0ubuntu1.10
2023-06-08 15:06:20 trigproc man-db:amd64 2.10.2-1 <none>
2023-06-08 15:06:20 status half-configured man-db:amd64 2.10.2-1
2023-06-08 15:06:20 status installed man-db:amd64 2.10.2-1
2023-06-08 15:06:26 startup archives unpack
2023-06-08 15:06:26 upgrade ca-certificates:all 20211016ubuntu0.22.04.1 20230311ubuntu0.22.04.1
2023-06-08 15:06:26 status half-configured ca-certificates:all 20211016ubuntu0.22.04.1
2023-06-08 15:06:26 status unpacked ca-certificates:all 20211016ubuntu0.22.04.1
2023-06-08 15:06:26 status half-installed ca-certificates:all 20211016ubuntu0.22.04.1
2023-06-08 15:06:26 status triggers-pending man-db:amd64 2.10.2-1
2023-06-08 15:06:26 status unpacked ca-certificates:all 20230311ubuntu0.22.04.1
2023-06-08 15:06:26 startup packages configure
2023-06-08 15:06:26 configure ca-certificates:all 20230311ubuntu0.22.04.1 <none>
2023-06-08 15:06:26 status unpacked ca-certificates:all 20230311ubuntu0.22.04.1
2023-06-08 15:06:26 status half-configured ca-certificates:all 20230311ubuntu0.22.04.1
2023-06-08 15:06:29 status installed ca-certificates:all 20230311ubuntu0.22.04.1
2023-06-08 15:06:29 status triggers-pending ca-certificates:all 20230311ubuntu0.22.04.1
2023-06-08 15:06:29 trigproc man-db:amd64 2.10.2-1 <none>
2023-06-08 15:06:29 status half-configured man-db:amd64 2.10.2-1
2023-06-08 15:06:29 status installed man-db:amd64 2.10.2-1
2023-06-08 15:06:29 trigproc ca-certificates:all 20230311ubuntu0.22.04.1 <none>
2023-06-08 15:06:29 status half-configured ca-certificates:all 20230311ubuntu0.22.04.1
2023-06-08 15:06:29 status installed ca-certificates:all 20230311ubuntu0.22.04.1
2023-06-08 15:06:34 startup archives unpack
2023-06-08 15:06:34 upgrade libctf0:amd64 2.38-4ubuntu2.1 2.38-4ubuntu2.2
2023-06-08 15:06:34 status triggers-pending libc-bin:amd64 2.35-0ubuntu3.1
2023-06-08 15:06:34 status half-configured libctf0:amd64 2.38-4ubuntu2.1
2023-06-08 15:06:34 status unpacked libctf0:amd64 2.38-4ubuntu2.1
2023-06-08 15:06:34 status half-installed libctf0:amd64 2.38-4ubuntu2.1
2023-06-08 15:06:34 status unpacked libctf0:amd64 2.38-4ubuntu2.2
2023-06-08 15:06:34 upgrade binutils-x86-64-linux-gnu:amd64 2.38-4ubuntu2.1 2.38-4ubuntu2.2
2023-06-08 15:06:34 status half-configured binutils-x86-64-linux-gnu:amd64 2.38-4ubuntu2.1
2023-06-08 15:06:34 status unpacked binutils-x86-64-linux-gnu:amd64 2.38-4ubuntu2.1
2023-06-08 15:06:34 status half-installed binutils-x86-64-linux-gnu:amd64 2.38-4ubuntu2.1
2023-06-08 15:06:34 status triggers-pending man-db:amd64 2.10.2-1
2023-06-08 15:06:34 status unpacked binutils-x86-64-linux-gnu:amd64 2.38-4ubuntu2.2
2023-06-08 15:06:34 upgrade binutils-common:amd64 2.38-4ubuntu2.1 2.38-4ubuntu2.2
2023-06-08 15:06:34 status half-configured binutils-common:amd64 2.38-4ubuntu2.1
2023-06-08 15:06:34 status unpacked binutils-common:amd64 2.38-4ubuntu2.1
2023-06-08 15:06:34 status half-installed binutils-common:amd64 2.38-4ubuntu2.1
2023-06-08 15:06:34 status unpacked binutils-common:amd64 2.38-4ubuntu2.2
2023-06-08 15:06:34 upgrade binutils:amd64 2.38-4ubuntu2.1 2.38-4ubuntu2.2
2023-06-08 15:06:34 status half-configured binutils:amd64 2.38-4ubuntu2.1
2023-06-08 15:06:34 status unpacked binutils:amd64 2.38-4ubuntu2.1
2023-06-08 15:06:34 status half-installed binutils:amd64 2.38-4ubuntu2.1
2023-06-08 15:06:34 status unpacked binutils:amd64 2.38-4ubuntu2.2
2023-06-08 15:06:34 upgrade libbinutils:amd64 2.38-4ubuntu2.1 2.38-4ubuntu2.2
2023-06-08 15:06:34 status half-configured libbinutils:amd64 2.38-4ubuntu2.1
2023-06-08 15:06:34 status unpacked libbinutils:amd64 2.38-4ubuntu2.1
2023-06-08 15:06:34 status half-installed libbinutils:amd64 2.38-4ubuntu2.1
2023-06-08 15:06:34 status unpacked libbinutils:amd64 2.38-4ubuntu2.2
2023-06-08 15:06:34 startup packages configure
2023-06-08 15:06:34 configure binutils-common:amd64 2.38-4ubuntu2.2 <none>
2023-06-08 15:06:34 status unpacked binutils-common:amd64 2.38-4ubuntu2.2
2023-06-08 15:06:34 status half-configured binutils-common:amd64 2.38-4ubuntu2.2
2023-06-08 15:06:34 status installed binutils-common:amd64 2.38-4ubuntu2.2
2023-06-08 15:06:34 configure libbinutils:amd64 2.38-4ubuntu2.2 <none>
2023-06-08 15:06:34 status unpacked libbinutils:amd64 2.38-4ubuntu2.2
2023-06-08 15:06:34 status half-configured libbinutils:amd64 2.38-4ubuntu2.2
2023-06-08 15:06:34 status installed libbinutils:amd64 2.38-4ubuntu2.2
2023-06-08 15:06:34 configure libctf0:amd64 2.38-4ubuntu2.2 <none>
2023-06-08 15:06:34 status unpacked libctf0:amd64 2.38-4ubuntu2.2
2023-06-08 15:06:34 status half-configured libctf0:amd64 2.38-4ubuntu2.2
2023-06-08 15:06:34 status installed libctf0:amd64 2.38-4ubuntu2.2
2023-06-08 15:06:34 configure binutils-x86-64-linux-gnu:amd64 2.38-4ubuntu2.2 <none>
2023-06-08 15:06:34 status unpacked binutils-x86-64-linux-gnu:amd64 2.38-4ubuntu2.2
2023-06-08 15:06:34 status half-configured binutils-x86-64-linux-gnu:amd64 2.38-4ubuntu2.2
2023-06-08 15:06:34 status installed binutils-x86-64-linux-gnu:amd64 2.38-4ubuntu2.2
2023-06-08 15:06:34 configure binutils:amd64 2.38-4ubuntu2.2 <none>
2023-06-08 15:06:34 status unpacked binutils:amd64 2.38-4ubuntu2.2
2023-06-08 15:06:34 status half-configured binutils:amd64 2.38-4ubuntu2.2
2023-06-08 15:06:34 status installed binutils:amd64 2.38-4ubuntu2.2
2023-06-08 15:06:34 trigproc libc-bin:amd64 2.35-0ubuntu3.1 <none>
2023-06-08 15:06:34 status half-configured libc-bin:amd64 2.35-0ubuntu3.1
2023-06-08 15:06:34 status installed libc-bin:amd64 2.35-0ubuntu3.1
2023-06-08 15:06:34 trigproc man-db:amd64 2.10.2-1 <none>
2023-06-08 15:06:34 status half-configured man-db:amd64 2.10.2-1
2023-06-08 15:06:34 status installed man-db:amd64 2.10.2-1
2023-06-08 15:06:39 startup archives unpack
2023-06-08 15:06:39 upgrade libkpathsea6:amd64 2021.20210626.59705-1build1 2021.20210626.59705-1ubuntu0.1
2023-06-08 15:06:39 status triggers-pending libc-bin:amd64 2.35-0ubuntu3.1
2023-06-08 15:06:39 status half-configured libkpathsea6:amd64 2021.20210626.59705-1build1
2023-06-08 15:06:39 status unpacked libkpathsea6:amd64 2021.20210626.59705-1build1
2023-06-08 15:06:39 status half-installed libkpathsea6:amd64 2021.20210626.59705-1build1
2023-06-08 15:06:39 status unpacked libkpathsea6:amd64 2021.20210626.59705-1ubuntu0.1
2023-06-08 15:06:39 startup packages configure
2023-06-08 15:06:39 configure libkpathsea6:amd64 2021.20210626.59705-1ubuntu0.1 <none>
2023-06-08 15:06:39 status unpacked libkpathsea6:amd64 2021.20210626.59705-1ubuntu0.1
2023-06-08 15:06:39 status half-configured libkpathsea6:amd64 2021.20210626.59705-1ubuntu0.1
2023-06-08 15:06:39 status installed libkpathsea6:amd64 2021.20210626.59705-1ubuntu0.1
2023-06-08 15:06:39 trigproc libc-bin:amd64 2.35-0ubuntu3.1 <none>
2023-06-08 15:06:39 status half-configured libc-bin:amd64 2.35-0ubuntu3.1
2023-06-08 15:06:39 status installed libc-bin:amd64 2.35-0ubuntu3.1
2023-06-08 15:06:44 startup archives unpack
2023-06-08 15:06:44 upgrade libncursesw6:amd64 6.3-2 6.3-2ubuntu0.1
2023-06-08 15:06:44 status triggers-pending libc-bin:amd64 2.35-0ubuntu3.1
2023-06-08 15:06:44 status half-configured libncursesw6:amd64 6.3-2
2023-06-08 15:06:44 status unpacked libncursesw6:amd64 6.3-2
2023-06-08 15:06:44 status half-installed libncursesw6:amd64 6.3-2
2023-06-08 15:06:44 status unpacked libncursesw6:amd64 6.3-2ubuntu0.1
2023-06-08 15:06:44 upgrade libncurses6:amd64 6.3-2 6.3-2ubuntu0.1
2023-06-08 15:06:44 status half-configured libncurses6:amd64 6.3-2
2023-06-08 15:06:44 status unpacked libncurses6:amd64 6.3-2
2023-06-08 15:06:44 status half-installed libncurses6:amd64 6.3-2
2023-06-08 15:06:44 status unpacked libncurses6:amd64 6.3-2ubuntu0.1
2023-06-08 15:06:44 upgrade libtinfo6:amd64 6.3-2 6.3-2ubuntu0.1
2023-06-08 15:06:44 status half-configured libtinfo6:amd64 6.3-2
2023-06-08 15:06:44 status unpacked libtinfo6:amd64 6.3-2
2023-06-08 15:06:44 status half-installed libtinfo6:amd64 6.3-2
2023-06-08 15:06:44 status unpacked libtinfo6:amd64 6.3-2ubuntu0.1
2023-06-08 15:06:44 startup packages configure
2023-06-08 15:06:44 configure libtinfo6:amd64 6.3-2ubuntu0.1 <none>
2023-06-08 15:06:44 status unpacked libtinfo6:amd64 6.3-2ubuntu0.1
2023-06-08 15:06:44 status half-configured libtinfo6:amd64 6.3-2ubuntu0.1
2023-06-08 15:06:44 status installed libtinfo6:amd64 6.3-2ubuntu0.1
2023-06-08 15:06:44 startup packages configure
2023-06-08 15:06:44 configure libncurses6:amd64 6.3-2ubuntu0.1 <none>
2023-06-08 15:06:44 status unpacked libncurses6:amd64 6.3-2ubuntu0.1
2023-06-08 15:06:44 status half-configured libncurses6:amd64 6.3-2ubuntu0.1
2023-06-08 15:06:44 status installed libncurses6:amd64 6.3-2ubuntu0.1
2023-06-08 15:06:44 configure libncursesw6:amd64 6.3-2ubuntu0.1 <none>
2023-06-08 15:06:44 status unpacked libncursesw6:amd64 6.3-2ubuntu0.1
2023-06-08 15:06:44 status half-configured libncursesw6:amd64 6.3-2ubuntu0.1
2023-06-08 15:06:44 status installed libncursesw6:amd64 6.3-2ubuntu0.1
2023-06-08 15:06:44 trigproc libc-bin:amd64 2.35-0ubuntu3.1 <none>
2023-06-08 15:06:44 status half-configured libc-bin:amd64 2.35-0ubuntu3.1
2023-06-08 15:06:44 status installed libc-bin:amd64 2.35-0ubuntu3.1
2023-06-08 15:06:49 startup archives unpack
2023-06-08 15:06:49 upgrade libsynctex2:amd64 2021.20210626.59705-1build1 2021.20210626.59705-1ubuntu0.1
2023-06-08 15:06:49 status triggers-pending libc-bin:amd64 2.35-0ubuntu3.1
2023-06-08 15:06:49 status half-configured libsynctex2:amd64 2021.20210626.59705-1build1
2023-06-08 15:06:49 status unpacked libsynctex2:amd64 2021.20210626.59705-1build1
2023-06-08 15:06:49 status half-installed libsynctex2:amd64 2021.20210626.59705-1build1
2023-06-08 15:06:49 status unpacked libsynctex2:amd64 2021.20210626.59705-1ubuntu0.1
2023-06-08 15:06:49 startup packages configure
2023-06-08 15:06:49 configure libsynctex2:amd64 2021.20210626.59705-1ubuntu0.1 <none>
2023-06-08 15:06:49 status unpacked libsynctex2:amd64 2021.20210626.59705-1ubuntu0.1
2023-06-08 15:06:49 status half-configured libsynctex2:amd64 2021.20210626.59705-1ubuntu0.1
2023-06-08 15:06:49 status installed libsynctex2:amd64 2021.20210626.59705-1ubuntu0.1
2023-06-08 15:06:49 trigproc libc-bin:amd64 2.35-0ubuntu3.1 <none>
2023-06-08 15:06:49 status half-configured libc-bin:amd64 2.35-0ubuntu3.1
2023-06-08 15:06:49 status installed libc-bin:amd64 2.35-0ubuntu3.1
2023-06-08 15:06:54 startup archives unpack
2023-06-08 15:06:54 upgrade libssl3:amd64 3.0.2-0ubuntu1.9 3.0.2-0ubuntu1.10
2023-06-08 15:06:54 status triggers-pending libc-bin:amd64 2.35-0ubuntu3.1
2023-06-08 15:06:54 status half-configured libssl3:amd64 3.0.2-0ubuntu1.9
2023-06-08 15:06:54 status unpacked libssl3:amd64 3.0.2-0ubuntu1.9
2023-06-08 15:06:54 status half-installed libssl3:amd64 3.0.2-0ubuntu1.9
2023-06-08 15:06:54 status unpacked libssl3:amd64 3.0.2-0ubuntu1.10
2023-06-08 15:06:54 startup packages configure
2023-06-08 15:06:54 configure libssl3:amd64 3.0.2-0ubuntu1.10 <none>
2023-06-08 15:06:54 status unpacked libssl3:amd64 3.0.2-0ubuntu1.10
2023-06-08 15:06:54 status half-configured libssl3:amd64 3.0.2-0ubuntu1.10
2023-06-08 15:06:54 status installed libssl3:amd64 3.0.2-0ubuntu1.10
2023-06-08 15:06:54 startup packages configure
2023-06-08 15:06:54 trigproc libc-bin:amd64 2.35-0ubuntu3.1 <none>
2023-06-08 15:06:54 status half-configured libc-bin:amd64 2.35-0ubuntu3.1
2023-06-08 15:06:54 status installed libc-bin:amd64 2.35-0ubuntu3.1
2023-06-08 15:07:00 startup archives unpack
2023-06-08 15:07:00 install linux-modules-5.19.0-43-generic:amd64 <none> 5.19.0-43.44~22.04.1
2023-06-08 15:07:00 status half-installed linux-modules-5.19.0-43-generic:amd64 5.19.0-43.44~22.04.1
2023-06-08 15:07:04 status unpacked linux-modules-5.19.0-43-generic:amd64 5.19.0-43.44~22.04.1
2023-06-08 15:07:04 install linux-image-5.19.0-43-generic:amd64 <none> 5.19.0-43.44~22.04.1
2023-06-08 15:07:04 status half-installed linux-image-5.19.0-43-generic:amd64 5.19.0-43.44~22.04.1
2023-06-08 15:07:05 status unpacked linux-image-5.19.0-43-generic:amd64 5.19.0-43.44~22.04.1
2023-06-08 15:07:05 install linux-modules-extra-5.19.0-43-generic:amd64 <none> 5.19.0-43.44~22.04.1
2023-06-08 15:07:05 status half-installed linux-modules-extra-5.19.0-43-generic:amd64 5.19.0-43.44~22.04.1
2023-06-08 15:07:15 status unpacked linux-modules-extra-5.19.0-43-generic:amd64 5.19.0-43.44~22.04.1
2023-06-08 15:07:15 upgrade linux-generic-hwe-22.04:amd64 5.19.0.42.43~22.04.15 5.19.0.43.44~22.04.17
2023-06-08 15:07:15 status half-configured linux-generic-hwe-22.04:amd64 5.19.0.42.43~22.04.15
2023-06-08 15:07:15 status unpacked linux-generic-hwe-22.04:amd64 5.19.0.42.43~22.04.15
2023-06-08 15:07:15 status half-installed linux-generic-hwe-22.04:amd64 5.19.0.42.43~22.04.15
2023-06-08 15:07:15 status unpacked linux-generic-hwe-22.04:amd64 5.19.0.43.44~22.04.17
2023-06-08 15:07:15 upgrade linux-image-generic-hwe-22.04:amd64 5.19.0.42.43~22.04.15 5.19.0.43.44~22.04.17
2023-06-08 15:07:15 status half-configured linux-image-generic-hwe-22.04:amd64 5.19.0.42.43~22.04.15
2023-06-08 15:07:15 status unpacked linux-image-generic-hwe-22.04:amd64 5.19.0.42.43~22.04.15
2023-06-08 15:07:15 status half-installed linux-image-generic-hwe-22.04:amd64 5.19.0.42.43~22.04.15
2023-06-08 15:07:15 status unpacked linux-image-generic-hwe-22.04:amd64 5.19.0.43.44~22.04.17
2023-06-08 15:07:15 install linux-hwe-5.19-headers-5.19.0-43:all <none> 5.19.0-43.44~22.04.1
2023-06-08 15:07:15 status half-installed linux-hwe-5.19-headers-5.19.0-43:all 5.19.0-43.44~22.04.1
2023-06-08 15:07:21 status unpacked linux-hwe-5.19-headers-5.19.0-43:all 5.19.0-43.44~22.04.1
2023-06-08 15:07:21 install linux-headers-5.19.0-43-generic:amd64 <none> 5.19.0-43.44~22.04.1
2023-06-08 15:07:21 status half-installed linux-headers-5.19.0-43-generic:amd64 5.19.0-43.44~22.04.1
2023-06-08 15:07:22 status unpacked linux-headers-5.19.0-43-generic:amd64 5.19.0-43.44~22.04.1
2023-06-08 15:07:23 upgrade linux-headers-generic-hwe-22.04:amd64 5.19.0.42.43~22.04.15 5.19.0.43.44~22.04.17
2023-06-08 15:07:23 status half-configured linux-headers-generic-hwe-22.04:amd64 5.19.0.42.43~22.04.15
2023-06-08 15:07:23 status unpacked linux-headers-generic-hwe-22.04:amd64 5.19.0.42.43~22.04.15
2023-06-08 15:07:23 status half-installed linux-headers-generic-hwe-22.04:amd64 5.19.0.42.43~22.04.15
2023-06-08 15:07:23 status unpacked linux-headers-generic-hwe-22.04:amd64 5.19.0.43.44~22.04.17
2023-06-08 15:07:23 startup packages configure
2023-06-08 15:07:23 configure linux-hwe-5.19-headers-5.19.0-43:all 5.19.0-43.44~22.04.1 <none>
2023-06-08 15:07:23 status unpacked linux-hwe-5.19-headers-5.19.0-43:all 5.19.0-43.44~22.04.1
2023-06-08 15:07:23 status half-configured linux-hwe-5.19-headers-5.19.0-43:all 5.19.0-43.44~22.04.1
2023-06-08 15:07:23 status installed linux-hwe-5.19-headers-5.19.0-43:all 5.19.0-43.44~22.04.1
2023-06-08 15:07:23 configure linux-headers-5.19.0-43-generic:amd64 5.19.0-43.44~22.04.1 <none>
2023-06-08 15:07:23 status unpacked linux-headers-5.19.0-43-generic:amd64 5.19.0-43.44~22.04.1
2023-06-08 15:07:23 status half-configured linux-headers-5.19.0-43-generic:amd64 5.19.0-43.44~22.04.1
2023-06-08 15:07:23 status installed linux-headers-5.19.0-43-generic:amd64 5.19.0-43.44~22.04.1
2023-06-08 15:07:23 configure linux-modules-5.19.0-43-generic:amd64 5.19.0-43.44~22.04.1 <none>
2023-06-08 15:07:23 status unpacked linux-modules-5.19.0-43-generic:amd64 5.19.0-43.44~22.04.1
2023-06-08 15:07:23 status half-configured linux-modules-5.19.0-43-generic:amd64 5.19.0-43.44~22.04.1
2023-06-08 15:07:24 status installed linux-modules-5.19.0-43-generic:amd64 5.19.0-43.44~22.04.1
2023-06-08 15:07:24 configure linux-headers-generic-hwe-22.04:amd64 5.19.0.43.44~22.04.17 <none>
2023-06-08 15:07:24 status unpacked linux-headers-generic-hwe-22.04:amd64 5.19.0.43.44~22.04.17
2023-06-08 15:07:24 status half-configured linux-headers-generic-hwe-22.04:amd64 5.19.0.43.44~22.04.17
2023-06-08 15:07:24 status installed linux-headers-generic-hwe-22.04:amd64 5.19.0.43.44~22.04.17
2023-06-08 15:07:24 configure linux-image-5.19.0-43-generic:amd64 5.19.0-43.44~22.04.1 <none>
2023-06-08 15:07:24 status unpacked linux-image-5.19.0-43-generic:amd64 5.19.0-43.44~22.04.1
2023-06-08 15:07:24 status half-configured linux-image-5.19.0-43-generic:amd64 5.19.0-43.44~22.04.1
2023-06-08 15:07:26 status installed linux-image-5.19.0-43-generic:amd64 5.19.0-43.44~22.04.1
2023-06-08 15:07:26 status triggers-pending linux-image-5.19.0-43-generic:amd64 5.19.0-43.44~22.04.1
2023-06-08 15:07:26 configure linux-modules-extra-5.19.0-43-generic:amd64 5.19.0-43.44~22.04.1 <none>
2023-06-08 15:07:26 status unpacked linux-modules-extra-5.19.0-43-generic:amd64 5.19.0-43.44~22.04.1
2023-06-08 15:07:26 status half-configured linux-modules-extra-5.19.0-43-generic:amd64 5.19.0-43.44~22.04.1
2023-06-08 15:07:27 status installed linux-modules-extra-5.19.0-43-generic:amd64 5.19.0-43.44~22.04.1
2023-06-08 15:07:27 configure linux-image-generic-hwe-22.04:amd64 5.19.0.43.44~22.04.17 <none>
2023-06-08 15:07:27 status unpacked linux-image-generic-hwe-22.04:amd64 5.19.0.43.44~22.04.17
2023-06-08 15:07:27 status half-configured linux-image-generic-hwe-22.04:amd64 5.19.0.43.44~22.04.17
2023-06-08 15:07:27 status installed linux-image-generic-hwe-22.04:amd64 5.19.0.43.44~22.04.17
2023-06-08 15:07:27 configure linux-generic-hwe-22.04:amd64 5.19.0.43.44~22.04.17 <none>
2023-06-08 15:07:27 status unpacked linux-generic-hwe-22.04:amd64 5.19.0.43.44~22.04.17
2023-06-08 15:07:27 status half-configured linux-generic-hwe-22.04:amd64 5.19.0.43.44~22.04.17
2023-06-08 15:07:27 status installed linux-generic-hwe-22.04:amd64 5.19.0.43.44~22.04.17
2023-06-08 15:07:27 trigproc linux-image-5.19.0-43-generic:amd64 5.19.0-43.44~22.04.1 <none>
2023-06-08 15:07:27 status half-configured linux-image-5.19.0-43-generic:amd64 5.19.0-43.44~22.04.1
2023-06-08 15:07:41 status installed linux-image-5.19.0-43-generic:amd64 5.19.0-43.44~22.04.1
2023-06-08 15:07:46 startup archives unpack
2023-06-08 15:07:46 upgrade libctf-nobfd0:amd64 2.38-4ubuntu2.1 2.38-4ubuntu2.2
2023-06-08 15:07:46 status triggers-pending libc-bin:amd64 2.35-0ubuntu3.1
2023-06-08 15:07:46 status half-configured libctf-nobfd0:amd64 2.38-4ubuntu2.1
2023-06-08 15:07:46 status unpacked libctf-nobfd0:amd64 2.38-4ubuntu2.1
2023-06-08 15:07:46 status half-installed libctf-nobfd0:amd64 2.38-4ubuntu2.1
2023-06-08 15:07:46 status unpacked libctf-nobfd0:amd64 2.38-4ubuntu2.2
2023-06-08 15:07:46 startup packages configure
2023-06-08 15:07:46 configure libctf-nobfd0:amd64 2.38-4ubuntu2.2 <none>
2023-06-08 15:07:46 status unpacked libctf-nobfd0:amd64 2.38-4ubuntu2.2
2023-06-08 15:07:46 status half-configured libctf-nobfd0:amd64 2.38-4ubuntu2.2
2023-06-08 15:07:46 status installed libctf-nobfd0:amd64 2.38-4ubuntu2.2
2023-06-08 15:07:46 trigproc libc-bin:amd64 2.35-0ubuntu3.1 <none>
2023-06-08 15:07:46 status half-configured libc-bin:amd64 2.35-0ubuntu3.1
2023-06-08 15:07:46 status installed libc-bin:amd64 2.35-0ubuntu3.1
2023-06-08 15:07:51 startup archives unpack
2023-06-08 15:07:51 upgrade ncurses-bin:amd64 6.3-2 6.3-2ubuntu0.1
2023-06-08 15:07:51 status half-configured ncurses-bin:amd64 6.3-2
2023-06-08 15:07:51 status unpacked ncurses-bin:amd64 6.3-2
2023-06-08 15:07:51 status half-installed ncurses-bin:amd64 6.3-2
2023-06-08 15:07:51 status triggers-pending man-db:amd64 2.10.2-1
2023-06-08 15:07:51 status unpacked ncurses-bin:amd64 6.3-2ubuntu0.1
2023-06-08 15:07:51 startup packages configure
2023-06-08 15:07:51 configure ncurses-bin:amd64 6.3-2ubuntu0.1 <none>
2023-06-08 15:07:51 status unpacked ncurses-bin:amd64 6.3-2ubuntu0.1
2023-06-08 15:07:51 status half-configured ncurses-bin:amd64 6.3-2ubuntu0.1
2023-06-08 15:07:51 status installed ncurses-bin:amd64 6.3-2ubuntu0.1
2023-06-08 15:07:51 startup packages configure
2023-06-08 15:07:51 trigproc man-db:amd64 2.10.2-1 <none>
2023-06-08 15:07:51 status half-configured man-db:amd64 2.10.2-1
2023-06-08 15:07:51 status installed man-db:amd64 2.10.2-1
2023-06-08 15:07:56 startup archives unpack
2023-06-08 15:07:56 upgrade snapd:amd64 2.58+22.04 2.58+22.04.1
2023-06-08 15:07:56 status half-configured snapd:amd64 2.58+22.04
2023-06-08 15:07:57 status unpacked snapd:amd64 2.58+22.04
2023-06-08 15:07:57 status half-installed snapd:amd64 2.58+22.04
2023-06-08 15:07:57 status triggers-pending mailcap:all 3.70+nmu1ubuntu1
2023-06-08 15:07:57 status triggers-pending gnome-menus:amd64 3.36.0-1ubuntu3
2023-06-08 15:07:57 status triggers-pending desktop-file-utils:amd64 0.26-1ubuntu3
2023-06-08 15:07:57 status triggers-pending dbus:amd64 1.12.20-2ubuntu4.1
2023-06-08 15:07:57 status triggers-pending man-db:amd64 2.10.2-1
2023-06-08 15:07:57 status unpacked snapd:amd64 2.58+22.04.1
2023-06-08 15:07:58 startup packages configure
2023-06-08 15:07:58 configure snapd:amd64 2.58+22.04.1 <none>
2023-06-08 15:07:58 status unpacked snapd:amd64 2.58+22.04.1
2023-06-08 15:07:58 status half-configured snapd:amd64 2.58+22.04.1
2023-06-08 15:08:07 status installed snapd:amd64 2.58+22.04.1
2023-06-08 15:08:07 trigproc gnome-menus:amd64 3.36.0-1ubuntu3 <none>
2023-06-08 15:08:07 status half-configured gnome-menus:amd64 3.36.0-1ubuntu3
2023-06-08 15:08:07 status installed gnome-menus:amd64 3.36.0-1ubuntu3
2023-06-08 15:08:07 trigproc man-db:amd64 2.10.2-1 <none>
2023-06-08 15:08:07 status half-configured man-db:amd64 2.10.2-1
2023-06-08 15:08:07 status installed man-db:amd64 2.10.2-1
2023-06-08 15:08:07 trigproc dbus:amd64 1.12.20-2ubuntu4.1 <none>
2023-06-08 15:08:07 status half-configured dbus:amd64 1.12.20-2ubuntu4.1
2023-06-08 15:08:07 status installed dbus:amd64 1.12.20-2ubuntu4.1
2023-06-08 15:08:07 trigproc mailcap:all 3.70+nmu1ubuntu1 <none>
2023-06-08 15:08:07 status half-configured mailcap:all 3.70+nmu1ubuntu1
2023-06-08 15:08:07 status installed mailcap:all 3.70+nmu1ubuntu1
2023-06-08 15:08:07 trigproc desktop-file-utils:amd64 0.26-1ubuntu3 <none>
2023-06-08 15:08:07 status half-configured desktop-file-utils:amd64 0.26-1ubuntu3
2023-06-08 15:08:07 status installed desktop-file-utils:amd64 0.26-1ubuntu3
2023-06-08 15:08:12 startup archives unpack
2023-06-08 15:08:13 upgrade ncurses-base:all 6.3-2 6.3-2ubuntu0.1
2023-06-08 15:08:13 status half-configured ncurses-base:all 6.3-2
2023-06-08 15:08:13 status unpacked ncurses-base:all 6.3-2
2023-06-08 15:08:13 status half-installed ncurses-base:all 6.3-2
2023-06-08 15:08:13 status unpacked ncurses-base:all 6.3-2ubuntu0.1
2023-06-08 15:08:13 startup packages configure
2023-06-08 15:08:13 configure ncurses-base:all 6.3-2ubuntu0.1 <none>
2023-06-08 15:08:13 status unpacked ncurses-base:all 6.3-2ubuntu0.1
2023-06-08 15:08:13 status half-configured ncurses-base:all 6.3-2ubuntu0.1
2023-06-08 15:08:13 status installed ncurses-base:all 6.3-2ubuntu0.1
2023-06-08 15:08:13 startup packages configure
2023-06-08 15:08:19 startup packages remove
2023-06-08 15:08:19 status installed linux-headers-5.19.0-41-generic:amd64 5.19.0-41.42~22.04.1
2023-06-08 15:08:19 remove linux-headers-5.19.0-41-generic:amd64 5.19.0-41.42~22.04.1 <none>
2023-06-08 15:08:19 status half-configured linux-headers-5.19.0-41-generic:amd64 5.19.0-41.42~22.04.1
2023-06-08 15:08:19 status half-installed linux-headers-5.19.0-41-generic:amd64 5.19.0-41.42~22.04.1
2023-06-08 15:08:19 status config-files linux-headers-5.19.0-41-generic:amd64 5.19.0-41.42~22.04.1
2023-06-08 15:08:19 status not-installed linux-headers-5.19.0-41-generic:amd64 <none>
2023-06-08 15:08:19 startup packages configure
2023-06-08 15:08:25 startup packages remove
2023-06-08 15:08:25 status installed linux-image-5.19.0-41-generic:amd64 5.19.0-41.42~22.04.1
2023-06-08 15:08:25 remove linux-image-5.19.0-41-generic:amd64 5.19.0-41.42~22.04.1 <none>
2023-06-08 15:08:25 status half-configured linux-image-5.19.0-41-generic:amd64 5.19.0-41.42~22.04.1
2023-06-08 15:08:26 status half-installed linux-image-5.19.0-41-generic:amd64 5.19.0-41.42~22.04.1
2023-06-08 15:08:28 status config-files linux-image-5.19.0-41-generic:amd64 5.19.0-41.42~22.04.1
2023-06-08 15:08:28 startup packages configure
2023-06-08 15:08:34 startup packages remove
2023-06-08 15:08:34 status installed linux-modules-extra-5.19.0-41-generic:amd64 5.19.0-41.42~22.04.1
2023-06-08 15:08:34 remove linux-modules-extra-5.19.0-41-generic:amd64 5.19.0-41.42~22.04.1 <none>
2023-06-08 15:08:34 status half-configured linux-modules-extra-5.19.0-41-generic:amd64 5.19.0-41.42~22.04.1
2023-06-08 15:08:34 status half-installed linux-modules-extra-5.19.0-41-generic:amd64 5.19.0-41.42~22.04.1
2023-06-08 15:08:37 status config-files linux-modules-extra-5.19.0-41-generic:amd64 5.19.0-41.42~22.04.1
2023-06-08 15:08:37 startup packages configure
2023-06-08 15:08:43 startup packages remove
2023-06-08 15:08:43 status installed linux-modules-5.19.0-41-generic:amd64 5.19.0-41.42~22.04.1
2023-06-08 15:08:44 remove linux-modules-5.19.0-41-generic:amd64 5.19.0-41.42~22.04.1 <none>
2023-06-08 15:08:44 status half-configured linux-modules-5.19.0-41-generic:amd64 5.19.0-41.42~22.04.1
2023-06-08 15:08:44 status half-installed linux-modules-5.19.0-41-generic:amd64 5.19.0-41.42~22.04.1
2023-06-08 15:08:44 status config-files linux-modules-5.19.0-41-generic:amd64 5.19.0-41.42~22.04.1
2023-06-08 15:08:44 startup packages configure
2023-06-08 15:08:49 startup packages remove
2023-06-08 15:08:49 status installed linux-hwe-5.19-headers-5.19.0-41:all 5.19.0-41.42~22.04.1
2023-06-08 15:08:49 remove linux-hwe-5.19-headers-5.19.0-41:all 5.19.0-41.42~22.04.1 <none>
2023-06-08 15:08:49 status half-configured linux-hwe-5.19-headers-5.19.0-41:all 5.19.0-41.42~22.04.1
2023-06-08 15:08:49 status half-installed linux-hwe-5.19-headers-5.19.0-41:all 5.19.0-41.42~22.04.1
2023-06-08 15:08:51 status config-files linux-hwe-5.19-headers-5.19.0-41:all 5.19.0-41.42~22.04.1
2023-06-08 15:08:51 status not-installed linux-hwe-5.19-headers-5.19.0-41:all <none>
2023-06-08 15:08:51 startup packages configure
2023-06-08 15:11:10 startup archives unpack
2023-06-08 15:11:10 upgrade libnss-systemd:amd64 249.11-0ubuntu3.7 249.11-0ubuntu3.9
2023-06-08 15:11:10 status triggers-pending libc-bin:amd64 2.35-0ubuntu3.1
2023-06-08 15:11:10 status half-configured libnss-systemd:amd64 249.11-0ubuntu3.7
2023-06-08 15:11:10 status unpacked libnss-systemd:amd64 249.11-0ubuntu3.7
2023-06-08 15:11:10 status half-installed libnss-systemd:amd64 249.11-0ubuntu3.7
2023-06-08 15:11:10 status triggers-pending man-db:amd64 2.10.2-1
2023-06-08 15:11:10 status unpacked libnss-systemd:amd64 249.11-0ubuntu3.9
2023-06-08 15:11:11 upgrade xserver-common:all 2:21.1.3-2ubuntu2.9 2:21.1.4-2ubuntu1.7~22.04.1
2023-06-08 15:11:11 status half-configured xserver-common:all 2:21.1.3-2ubuntu2.9
2023-06-08 15:11:11 status unpacked xserver-common:all 2:21.1.3-2ubuntu2.9
2023-06-08 15:11:11 status half-installed xserver-common:all 2:21.1.3-2ubuntu2.9
2023-06-08 15:11:11 status unpacked xserver-common:all 2:21.1.4-2ubuntu1.7~22.04.1
2023-06-08 15:11:11 upgrade libglib2.0-data:all 2.72.4-0ubuntu1 2.72.4-0ubuntu2
2023-06-08 15:11:11 status half-configured libglib2.0-data:all 2.72.4-0ubuntu1
2023-06-08 15:11:11 status unpacked libglib2.0-data:all 2.72.4-0ubuntu1
2023-06-08 15:11:11 status half-installed libglib2.0-data:all 2.72.4-0ubuntu1
2023-06-08 15:11:11 status unpacked libglib2.0-data:all 2.72.4-0ubuntu2
2023-06-08 15:11:11 upgrade libglib2.0-bin:amd64 2.72.4-0ubuntu1 2.72.4-0ubuntu2
2023-06-08 15:11:11 status half-configured libglib2.0-bin:amd64 2.72.4-0ubuntu1
2023-06-08 15:11:11 status unpacked libglib2.0-bin:amd64 2.72.4-0ubuntu1
2023-06-08 15:11:11 status half-installed libglib2.0-bin:amd64 2.72.4-0ubuntu1
2023-06-08 15:11:11 status unpacked libglib2.0-bin:amd64 2.72.4-0ubuntu2
2023-06-08 15:11:11 upgrade libglib2.0-0:amd64 2.72.4-0ubuntu1 2.72.4-0ubuntu2
2023-06-08 15:11:11 status half-configured libglib2.0-0:amd64 2.72.4-0ubuntu1
2023-06-08 15:11:11 status unpacked libglib2.0-0:amd64 2.72.4-0ubuntu1
2023-06-08 15:11:11 status half-installed libglib2.0-0:amd64 2.72.4-0ubuntu1
2023-06-08 15:11:11 status unpacked libglib2.0-0:amd64 2.72.4-0ubuntu2
2023-06-08 15:11:11 upgrade gnome-settings-daemon-common:all 42.1-1ubuntu2.1 42.1-1ubuntu2.2
2023-06-08 15:11:11 status half-configured gnome-settings-daemon-common:all 42.1-1ubuntu2.1
2023-06-08 15:11:11 status unpacked gnome-settings-daemon-common:all 42.1-1ubuntu2.1
2023-06-08 15:11:11 status half-installed gnome-settings-daemon-common:all 42.1-1ubuntu2.1
2023-06-08 15:11:11 status unpacked gnome-settings-daemon-common:all 42.1-1ubuntu2.2
2023-06-08 15:11:11 upgrade gnome-settings-daemon:amd64 42.1-1ubuntu2.1 42.1-1ubuntu2.2
2023-06-08 15:11:11 status half-configured gnome-settings-daemon:amd64 42.1-1ubuntu2.1
2023-06-08 15:11:11 status unpacked gnome-settings-daemon:amd64 42.1-1ubuntu2.1
2023-06-08 15:11:11 status half-installed gnome-settings-daemon:amd64 42.1-1ubuntu2.1
2023-06-08 15:11:11 status unpacked gnome-settings-daemon:amd64 42.1-1ubuntu2.2
2023-06-08 15:11:11 upgrade gdm3:amd64 42.0-1ubuntu7 42.0-1ubuntu7.22.04.2
2023-06-08 15:11:11 status half-configured gdm3:amd64 42.0-1ubuntu7
2023-06-08 15:11:11 status unpacked gdm3:amd64 42.0-1ubuntu7
2023-06-08 15:11:11 status half-installed gdm3:amd64 42.0-1ubuntu7
2023-06-08 15:11:11 status triggers-pending dbus:amd64 1.12.20-2ubuntu4.1
2023-06-08 15:11:11 status unpacked gdm3:amd64 42.0-1ubuntu7.22.04.2
2023-06-08 15:11:12 upgrade libgdm1:amd64 42.0-1ubuntu7 42.0-1ubuntu7.22.04.2
2023-06-08 15:11:12 status half-configured libgdm1:amd64 42.0-1ubuntu7
2023-06-08 15:11:12 status unpacked libgdm1:amd64 42.0-1ubuntu7
2023-06-08 15:11:12 status half-installed libgdm1:amd64 42.0-1ubuntu7
2023-06-08 15:11:12 status unpacked libgdm1:amd64 42.0-1ubuntu7.22.04.2
2023-06-08 15:11:12 upgrade gir1.2-gdm-1.0:amd64 42.0-1ubuntu7 42.0-1ubuntu7.22.04.2
2023-06-08 15:11:12 status half-configured gir1.2-gdm-1.0:amd64 42.0-1ubuntu7
2023-06-08 15:11:12 status unpacked gir1.2-gdm-1.0:amd64 42.0-1ubuntu7
2023-06-08 15:11:12 status half-installed gir1.2-gdm-1.0:amd64 42.0-1ubuntu7
2023-06-08 15:11:12 status unpacked gir1.2-gdm-1.0:amd64 42.0-1ubuntu7.22.04.2
2023-06-08 15:11:12 upgrade systemd-sysv:amd64 249.11-0ubuntu3.7 249.11-0ubuntu3.9
2023-06-08 15:11:12 status half-configured systemd-sysv:amd64 249.11-0ubuntu3.7
2023-06-08 15:11:12 status unpacked systemd-sysv:amd64 249.11-0ubuntu3.7
2023-06-08 15:11:12 status half-installed systemd-sysv:amd64 249.11-0ubuntu3.7
2023-06-08 15:11:12 status unpacked systemd-sysv:amd64 249.11-0ubuntu3.9
2023-06-08 15:11:12 upgrade libpam-systemd:amd64 249.11-0ubuntu3.7 249.11-0ubuntu3.9
2023-06-08 15:11:12 status half-configured libpam-systemd:amd64 249.11-0ubuntu3.7
2023-06-08 15:11:12 status unpacked libpam-systemd:amd64 249.11-0ubuntu3.7
2023-06-08 15:11:12 status half-installed libpam-systemd:amd64 249.11-0ubuntu3.7
2023-06-08 15:11:12 status unpacked libpam-systemd:amd64 249.11-0ubuntu3.9
2023-06-08 15:11:12 upgrade libpulse-mainloop-glib0:amd64 1:15.99.1+dfsg1-1ubuntu2 1:15.99.1+dfsg1-1ubuntu2.1
2023-06-08 15:11:12 status half-configured libpulse-mainloop-glib0:amd64 1:15.99.1+dfsg1-1ubuntu2
2023-06-08 15:11:12 status unpacked libpulse-mainloop-glib0:amd64 1:15.99.1+dfsg1-1ubuntu2
2023-06-08 15:11:12 status half-installed libpulse-mainloop-glib0:amd64 1:15.99.1+dfsg1-1ubuntu2
2023-06-08 15:11:12 status unpacked libpulse-mainloop-glib0:amd64 1:15.99.1+dfsg1-1ubuntu2.1
2023-06-08 15:11:12 upgrade libpulsedsp:amd64 1:15.99.1+dfsg1-1ubuntu2 1:15.99.1+dfsg1-1ubuntu2.1
2023-06-08 15:11:12 status half-configured libpulsedsp:amd64 1:15.99.1+dfsg1-1ubuntu2
2023-06-08 15:11:12 status unpacked libpulsedsp:amd64 1:15.99.1+dfsg1-1ubuntu2
2023-06-08 15:11:12 status half-installed libpulsedsp:amd64 1:15.99.1+dfsg1-1ubuntu2
2023-06-08 15:11:12 status unpacked libpulsedsp:amd64 1:15.99.1+dfsg1-1ubuntu2.1
2023-06-08 15:11:12 upgrade pulseaudio-utils:amd64 1:15.99.1+dfsg1-1ubuntu2 1:15.99.1+dfsg1-1ubuntu2.1
2023-06-08 15:11:12 status half-configured pulseaudio-utils:amd64 1:15.99.1+dfsg1-1ubuntu2
2023-06-08 15:11:12 status unpacked pulseaudio-utils:amd64 1:15.99.1+dfsg1-1ubuntu2
2023-06-08 15:11:12 status half-installed pulseaudio-utils:amd64 1:15.99.1+dfsg1-1ubuntu2
2023-06-08 15:11:12 status unpacked pulseaudio-utils:amd64 1:15.99.1+dfsg1-1ubuntu2.1
2023-06-08 15:11:12 upgrade xserver-xorg-legacy:amd64 2:21.1.3-2ubuntu2.9 2:21.1.4-2ubuntu1.7~22.04.1
2023-06-08 15:11:12 status half-configured xserver-xorg-legacy:amd64 2:21.1.3-2ubuntu2.9
2023-06-08 15:11:12 status unpacked xserver-xorg-legacy:amd64 2:21.1.3-2ubuntu2.9
2023-06-08 15:11:12 status half-installed xserver-xorg-legacy:amd64 2:21.1.3-2ubuntu2.9
2023-06-08 15:11:12 status unpacked xserver-xorg-legacy:amd64 2:21.1.4-2ubuntu1.7~22.04.1
2023-06-08 15:11:12 upgrade xserver-xorg-core:amd64 2:21.1.3-2ubuntu2.9 2:21.1.4-2ubuntu1.7~22.04.1
2023-06-08 15:11:12 status half-configured xserver-xorg-core:amd64 2:21.1.3-2ubuntu2.9
2023-06-08 15:11:12 status unpacked xserver-xorg-core:amd64 2:21.1.3-2ubuntu2.9
2023-06-08 15:11:12 status half-installed xserver-xorg-core:amd64 2:21.1.3-2ubuntu2.9
2023-06-08 15:11:12 status unpacked xserver-xorg-core:amd64 2:21.1.4-2ubuntu1.7~22.04.1
2023-06-08 15:11:12 upgrade systemd-timesyncd:amd64 249.11-0ubuntu3.7 249.11-0ubuntu3.9
2023-06-08 15:11:12 status half-configured systemd-timesyncd:amd64 249.11-0ubuntu3.7
2023-06-08 15:11:12 status unpacked systemd-timesyncd:amd64 249.11-0ubuntu3.7
2023-06-08 15:11:12 status half-installed systemd-timesyncd:amd64 249.11-0ubuntu3.7
2023-06-08 15:11:12 status unpacked systemd-timesyncd:amd64 249.11-0ubuntu3.9
2023-06-08 15:11:12 upgrade systemd-oomd:amd64 249.11-0ubuntu3.7 249.11-0ubuntu3.9
2023-06-08 15:11:12 status half-configured systemd-oomd:amd64 249.11-0ubuntu3.7
2023-06-08 15:11:12 status unpacked systemd-oomd:amd64 249.11-0ubuntu3.7
2023-06-08 15:11:12 status half-installed systemd-oomd:amd64 249.11-0ubuntu3.7
2023-06-08 15:11:13 status unpacked systemd-oomd:amd64 249.11-0ubuntu3.9
2023-06-08 15:11:13 upgrade systemd:amd64 249.11-0ubuntu3.7 249.11-0ubuntu3.9
2023-06-08 15:11:13 status half-configured systemd:amd64 249.11-0ubuntu3.7
2023-06-08 15:11:13 status unpacked systemd:amd64 249.11-0ubuntu3.7
2023-06-08 15:11:13 status half-installed systemd:amd64 249.11-0ubuntu3.7
2023-06-08 15:11:13 status unpacked systemd:amd64 249.11-0ubuntu3.9
2023-06-08 15:11:13 upgrade udev:amd64 249.11-0ubuntu3.7 249.11-0ubuntu3.9
2023-06-08 15:11:13 status triggers-pending initramfs-tools:all 0.140ubuntu13.1
2023-06-08 15:11:13 status half-configured udev:amd64 249.11-0ubuntu3.7
2023-06-08 15:11:13 status unpacked udev:amd64 249.11-0ubuntu3.7
2023-06-08 15:11:13 status half-installed udev:amd64 249.11-0ubuntu3.7
2023-06-08 15:11:14 status unpacked udev:amd64 249.11-0ubuntu3.9
2023-06-08 15:11:14 upgrade libudev1:amd64 249.11-0ubuntu3.7 249.11-0ubuntu3.9
2023-06-08 15:11:14 status half-configured libudev1:amd64 249.11-0ubuntu3.7
2023-06-08 15:11:14 status unpacked libudev1:amd64 249.11-0ubuntu3.7
2023-06-08 15:11:14 status half-installed libudev1:amd64 249.11-0ubuntu3.7
2023-06-08 15:11:14 status unpacked libudev1:amd64 249.11-0ubuntu3.9
2023-06-08 15:11:14 startup packages configure
2023-06-08 15:11:14 configure libudev1:amd64 249.11-0ubuntu3.9 <none>
2023-06-08 15:11:14 status unpacked libudev1:amd64 249.11-0ubuntu3.9
2023-06-08 15:11:14 status half-configured libudev1:amd64 249.11-0ubuntu3.9
2023-06-08 15:11:14 status installed libudev1:amd64 249.11-0ubuntu3.9
2023-06-08 15:11:14 startup archives unpack
2023-06-08 15:11:14 upgrade pulseaudio-module-bluetooth:amd64 1:15.99.1+dfsg1-1ubuntu2 1:15.99.1+dfsg1-1ubuntu2.1
2023-06-08 15:11:14 status half-configured pulseaudio-module-bluetooth:amd64 1:15.99.1+dfsg1-1ubuntu2
2023-06-08 15:11:14 status unpacked pulseaudio-module-bluetooth:amd64 1:15.99.1+dfsg1-1ubuntu2
2023-06-08 15:11:14 status half-installed pulseaudio-module-bluetooth:amd64 1:15.99.1+dfsg1-1ubuntu2
2023-06-08 15:11:14 status unpacked pulseaudio-module-bluetooth:amd64 1:15.99.1+dfsg1-1ubuntu2.1
2023-06-08 15:11:14 upgrade pulseaudio:amd64 1:15.99.1+dfsg1-1ubuntu2 1:15.99.1+dfsg1-1ubuntu2.1
2023-06-08 15:11:14 status half-configured pulseaudio:amd64 1:15.99.1+dfsg1-1ubuntu2
2023-06-08 15:11:14 status unpacked pulseaudio:amd64 1:15.99.1+dfsg1-1ubuntu2
2023-06-08 15:11:14 status half-installed pulseaudio:amd64 1:15.99.1+dfsg1-1ubuntu2
2023-06-08 15:11:15 status unpacked pulseaudio:amd64 1:15.99.1+dfsg1-1ubuntu2.1
2023-06-08 15:11:15 upgrade libpulse0:amd64 1:15.99.1+dfsg1-1ubuntu2 1:15.99.1+dfsg1-1ubuntu2.1
2023-06-08 15:11:15 status half-configured libpulse0:amd64 1:15.99.1+dfsg1-1ubuntu2
2023-06-08 15:11:15 status unpacked libpulse0:amd64 1:15.99.1+dfsg1-1ubuntu2
2023-06-08 15:11:15 status half-installed libpulse0:amd64 1:15.99.1+dfsg1-1ubuntu2
2023-06-08 15:11:15 status unpacked libpulse0:amd64 1:15.99.1+dfsg1-1ubuntu2.1
2023-06-08 15:11:15 upgrade libcanberra-pulse:amd64 0.30-10ubuntu1 0.30-10ubuntu1.22.04.1
2023-06-08 15:11:15 status half-configured libcanberra-pulse:amd64 0.30-10ubuntu1
2023-06-08 15:11:15 status unpacked libcanberra-pulse:amd64 0.30-10ubuntu1
2023-06-08 15:11:15 status half-installed libcanberra-pulse:amd64 0.30-10ubuntu1
2023-06-08 15:11:15 status unpacked libcanberra-pulse:amd64 0.30-10ubuntu1.22.04.1
2023-06-08 15:11:15 upgrade libcanberra0:amd64 0.30-10ubuntu1 0.30-10ubuntu1.22.04.1
2023-06-08 15:11:15 status half-configured libcanberra0:amd64 0.30-10ubuntu1
2023-06-08 15:11:15 status unpacked libcanberra0:amd64 0.30-10ubuntu1
2023-06-08 15:11:15 status half-installed libcanberra0:amd64 0.30-10ubuntu1
2023-06-08 15:11:15 status unpacked libcanberra0:amd64 0.30-10ubuntu1.22.04.1
2023-06-08 15:11:15 upgrade libcanberra-gtk3-0:amd64 0.30-10ubuntu1 0.30-10ubuntu1.22.04.1
2023-06-08 15:11:15 status half-configured libcanberra-gtk3-0:amd64 0.30-10ubuntu1
2023-06-08 15:11:15 status unpacked libcanberra-gtk3-0:amd64 0.30-10ubuntu1
2023-06-08 15:11:15 status half-installed libcanberra-gtk3-0:amd64 0.30-10ubuntu1
2023-06-08 15:11:15 status unpacked libcanberra-gtk3-0:amd64 0.30-10ubuntu1.22.04.1
2023-06-08 15:11:15 upgrade libsystemd0:amd64 249.11-0ubuntu3.7 249.11-0ubuntu3.9
2023-06-08 15:11:15 status half-configured libsystemd0:amd64 249.11-0ubuntu3.7
2023-06-08 15:11:15 status unpacked libsystemd0:amd64 249.11-0ubuntu3.7
2023-06-08 15:11:15 status half-installed libsystemd0:amd64 249.11-0ubuntu3.7
2023-06-08 15:11:15 status unpacked libsystemd0:amd64 249.11-0ubuntu3.9
2023-06-08 15:11:15 startup packages configure
2023-06-08 15:11:15 configure libsystemd0:amd64 249.11-0ubuntu3.9 <none>
2023-06-08 15:11:15 status unpacked libsystemd0:amd64 249.11-0ubuntu3.9
2023-06-08 15:11:15 status half-configured libsystemd0:amd64 249.11-0ubuntu3.9
2023-06-08 15:11:15 status installed libsystemd0:amd64 249.11-0ubuntu3.9
2023-06-08 15:11:15 startup archives unpack
2023-06-08 15:11:15 upgrade libapt-pkg6.0:amd64 2.4.8 2.4.9
2023-06-08 15:11:15 status half-configured libapt-pkg6.0:amd64 2.4.8
2023-06-08 15:11:15 status unpacked libapt-pkg6.0:amd64 2.4.8
2023-06-08 15:11:15 status half-installed libapt-pkg6.0:amd64 2.4.8
2023-06-08 15:11:16 status unpacked libapt-pkg6.0:amd64 2.4.9
2023-06-08 15:11:16 startup packages configure
2023-06-08 15:11:16 configure libapt-pkg6.0:amd64 2.4.9 <none>
2023-06-08 15:11:16 status unpacked libapt-pkg6.0:amd64 2.4.9
2023-06-08 15:11:16 status half-configured libapt-pkg6.0:amd64 2.4.9
2023-06-08 15:11:16 status installed libapt-pkg6.0:amd64 2.4.9
2023-06-08 15:11:16 startup archives unpack
2023-06-08 15:11:16 upgrade dpkg:amd64 1.21.1ubuntu2.1 1.21.1ubuntu2.2
2023-06-08 15:11:16 status half-configured dpkg:amd64 1.21.1ubuntu2.1
2023-06-08 15:11:16 status unpacked dpkg:amd64 1.21.1ubuntu2.1
2023-06-08 15:11:16 status half-installed dpkg:amd64 1.21.1ubuntu2.1
2023-06-08 15:11:16 status unpacked dpkg:amd64 1.21.1ubuntu2.2
2023-06-08 15:11:16 startup packages configure
2023-06-08 15:11:16 configure dpkg:amd64 1.21.1ubuntu2.2 <none>
2023-06-08 15:11:16 status unpacked dpkg:amd64 1.21.1ubuntu2.2
2023-06-08 15:11:16 status half-configured dpkg:amd64 1.21.1ubuntu2.2
2023-06-08 15:11:17 status installed dpkg:amd64 1.21.1ubuntu2.2
2023-06-08 15:11:17 startup archives unpack
2023-06-08 15:11:17 upgrade apt:amd64 2.4.8 2.4.9
2023-06-08 15:11:17 status half-configured apt:amd64 2.4.8
2023-06-08 15:11:17 status unpacked apt:amd64 2.4.8
2023-06-08 15:11:17 status half-installed apt:amd64 2.4.8
2023-06-08 15:11:17 status unpacked apt:amd64 2.4.9
2023-06-08 15:11:17 startup packages configure
2023-06-08 15:11:17 configure apt:amd64 2.4.9 <none>
2023-06-08 15:11:17 status unpacked apt:amd64 2.4.9
2023-06-08 15:11:17 status half-configured apt:amd64 2.4.9
2023-06-08 15:11:18 status installed apt:amd64 2.4.9
2023-06-08 15:11:18 startup archives unpack
2023-06-08 15:11:19 upgrade apt-utils:amd64 2.4.8 2.4.9
2023-06-08 15:11:19 status half-configured apt-utils:amd64 2.4.8
2023-06-08 15:11:19 status unpacked apt-utils:amd64 2.4.8
2023-06-08 15:11:19 status half-installed apt-utils:amd64 2.4.8
2023-06-08 15:11:19 status unpacked apt-utils:amd64 2.4.9
2023-06-08 15:11:19 upgrade update-notifier:amd64 3.192.54.5 3.192.54.6
2023-06-08 15:11:19 status half-configured update-notifier:amd64 3.192.54.5
2023-06-08 15:11:19 status unpacked update-notifier:amd64 3.192.54.5
2023-06-08 15:11:19 status half-installed update-notifier:amd64 3.192.54.5
2023-06-08 15:11:19 status triggers-pending hicolor-icon-theme:all 0.17-2
2023-06-08 15:11:19 status unpacked update-notifier:amd64 3.192.54.6
2023-06-08 15:11:19 upgrade update-notifier-common:all 3.192.54.5 3.192.54.6
2023-06-08 15:11:19 status half-configured update-notifier-common:all 3.192.54.5
2023-06-08 15:11:19 status unpacked update-notifier-common:all 3.192.54.5
2023-06-08 15:11:19 status half-installed update-notifier-common:all 3.192.54.5
2023-06-08 15:11:19 status unpacked update-notifier-common:all 3.192.54.6
2023-06-08 15:11:19 upgrade libk5crypto3:amd64 1.19.2-2ubuntu0.1 1.19.2-2ubuntu0.2
2023-06-08 15:11:19 status half-configured libk5crypto3:amd64 1.19.2-2ubuntu0.1
2023-06-08 15:11:19 status unpacked libk5crypto3:amd64 1.19.2-2ubuntu0.1
2023-06-08 15:11:19 status half-installed libk5crypto3:amd64 1.19.2-2ubuntu0.1
2023-06-08 15:11:19 status unpacked libk5crypto3:amd64 1.19.2-2ubuntu0.2
2023-06-08 15:11:20 startup packages configure
2023-06-08 15:11:20 configure libk5crypto3:amd64 1.19.2-2ubuntu0.2 <none>
2023-06-08 15:11:20 status unpacked libk5crypto3:amd64 1.19.2-2ubuntu0.2
2023-06-08 15:11:20 status half-configured libk5crypto3:amd64 1.19.2-2ubuntu0.2
2023-06-08 15:11:20 status installed libk5crypto3:amd64 1.19.2-2ubuntu0.2
2023-06-08 15:11:20 startup archives unpack
2023-06-08 15:11:20 upgrade libkrb5support0:amd64 1.19.2-2ubuntu0.1 1.19.2-2ubuntu0.2
2023-06-08 15:11:20 status half-configured libkrb5support0:amd64 1.19.2-2ubuntu0.1
2023-06-08 15:11:20 status unpacked libkrb5support0:amd64 1.19.2-2ubuntu0.1
2023-06-08 15:11:20 status half-installed libkrb5support0:amd64 1.19.2-2ubuntu0.1
2023-06-08 15:11:20 status unpacked libkrb5support0:amd64 1.19.2-2ubuntu0.2
2023-06-08 15:11:20 startup packages configure
2023-06-08 15:11:20 configure libkrb5support0:amd64 1.19.2-2ubuntu0.2 <none>
2023-06-08 15:11:20 status unpacked libkrb5support0:amd64 1.19.2-2ubuntu0.2
2023-06-08 15:11:20 status half-configured libkrb5support0:amd64 1.19.2-2ubuntu0.2
2023-06-08 15:11:20 status installed libkrb5support0:amd64 1.19.2-2ubuntu0.2
2023-06-08 15:11:20 startup archives unpack
2023-06-08 15:11:20 upgrade libkrb5-3:amd64 1.19.2-2ubuntu0.1 1.19.2-2ubuntu0.2
2023-06-08 15:11:20 status half-configured libkrb5-3:amd64 1.19.2-2ubuntu0.1
2023-06-08 15:11:20 status unpacked libkrb5-3:amd64 1.19.2-2ubuntu0.1
2023-06-08 15:11:20 status half-installed libkrb5-3:amd64 1.19.2-2ubuntu0.1
2023-06-08 15:11:20 status unpacked libkrb5-3:amd64 1.19.2-2ubuntu0.2
2023-06-08 15:11:20 startup packages configure
2023-06-08 15:11:20 configure libkrb5-3:amd64 1.19.2-2ubuntu0.2 <none>
2023-06-08 15:11:20 status unpacked libkrb5-3:amd64 1.19.2-2ubuntu0.2
2023-06-08 15:11:20 status half-configured libkrb5-3:amd64 1.19.2-2ubuntu0.2
2023-06-08 15:11:20 status installed libkrb5-3:amd64 1.19.2-2ubuntu0.2
2023-06-08 15:11:21 startup archives unpack
2023-06-08 15:11:21 upgrade libgssapi-krb5-2:amd64 1.19.2-2ubuntu0.1 1.19.2-2ubuntu0.2
2023-06-08 15:11:21 status half-configured libgssapi-krb5-2:amd64 1.19.2-2ubuntu0.1
2023-06-08 15:11:21 status unpacked libgssapi-krb5-2:amd64 1.19.2-2ubuntu0.1
2023-06-08 15:11:21 status half-installed libgssapi-krb5-2:amd64 1.19.2-2ubuntu0.1
2023-06-08 15:11:21 status unpacked libgssapi-krb5-2:amd64 1.19.2-2ubuntu0.2
2023-06-08 15:11:21 startup packages configure
2023-06-08 15:11:21 configure libgssapi-krb5-2:amd64 1.19.2-2ubuntu0.2 <none>
2023-06-08 15:11:21 status unpacked libgssapi-krb5-2:amd64 1.19.2-2ubuntu0.2
2023-06-08 15:11:21 status half-configured libgssapi-krb5-2:amd64 1.19.2-2ubuntu0.2
2023-06-08 15:11:21 status installed libgssapi-krb5-2:amd64 1.19.2-2ubuntu0.2
2023-06-08 15:11:21 startup archives unpack
2023-06-08 15:11:21 upgrade distro-info-data:all 0.52ubuntu0.2 0.52ubuntu0.4
2023-06-08 15:11:21 status half-configured distro-info-data:all 0.52ubuntu0.2
2023-06-08 15:11:21 status unpacked distro-info-data:all 0.52ubuntu0.2
2023-06-08 15:11:21 status half-installed distro-info-data:all 0.52ubuntu0.2
2023-06-08 15:11:21 status unpacked distro-info-data:all 0.52ubuntu0.4
2023-06-08 15:11:21 upgrade tzdata:all 2023c-0ubuntu0.22.04.0 2023c-0ubuntu0.22.04.2
2023-06-08 15:11:21 status half-configured tzdata:all 2023c-0ubuntu0.22.04.0
2023-06-08 15:11:21 status unpacked tzdata:all 2023c-0ubuntu0.22.04.0
2023-06-08 15:11:21 status half-installed tzdata:all 2023c-0ubuntu0.22.04.0
2023-06-08 15:11:22 status unpacked tzdata:all 2023c-0ubuntu0.22.04.2
2023-06-08 15:11:22 upgrade ubuntu-advantage-tools:amd64 27.13.6~22.04.1 27.14.4~22.04
2023-06-08 15:11:22 status half-configured ubuntu-advantage-tools:amd64 27.13.6~22.04.1
2023-06-08 15:11:22 status unpacked ubuntu-advantage-tools:amd64 27.13.6~22.04.1
2023-06-08 15:11:22 status half-installed ubuntu-advantage-tools:amd64 27.13.6~22.04.1
2023-06-08 15:11:22 status unpacked ubuntu-advantage-tools:amd64 27.14.4~22.04
2023-06-08 15:11:22 upgrade bind9-host:amd64 1:9.18.1-1ubuntu1.3 1:9.18.12-0ubuntu0.22.04.1
2023-06-08 15:11:22 status half-configured bind9-host:amd64 1:9.18.1-1ubuntu1.3
2023-06-08 15:11:22 status unpacked bind9-host:amd64 1:9.18.1-1ubuntu1.3
2023-06-08 15:11:22 status half-installed bind9-host:amd64 1:9.18.1-1ubuntu1.3
2023-06-08 15:11:22 status unpacked bind9-host:amd64 1:9.18.12-0ubuntu0.22.04.1
2023-06-08 15:11:22 upgrade bind9-dnsutils:amd64 1:9.18.1-1ubuntu1.3 1:9.18.12-0ubuntu0.22.04.1
2023-06-08 15:11:22 status half-configured bind9-dnsutils:amd64 1:9.18.1-1ubuntu1.3
2023-06-08 15:11:22 status unpacked bind9-dnsutils:amd64 1:9.18.1-1ubuntu1.3
2023-06-08 15:11:22 status half-installed bind9-dnsutils:amd64 1:9.18.1-1ubuntu1.3
2023-06-08 15:11:22 status unpacked bind9-dnsutils:amd64 1:9.18.12-0ubuntu0.22.04.1
2023-06-08 15:11:23 upgrade bind9-libs:amd64 1:9.18.1-1ubuntu1.3 1:9.18.12-0ubuntu0.22.04.1
2023-06-08 15:11:23 status half-configured bind9-libs:amd64 1:9.18.1-1ubuntu1.3
2023-06-08 15:11:23 status unpacked bind9-libs:amd64 1:9.18.1-1ubuntu1.3
2023-06-08 15:11:23 status half-installed bind9-libs:amd64 1:9.18.1-1ubuntu1.3
2023-06-08 15:11:23 status unpacked bind9-libs:amd64 1:9.18.12-0ubuntu0.22.04.1
2023-06-08 15:11:23 upgrade alsa-ucm-conf:all 1.2.6.3-1ubuntu1.4 1.2.6.3-1ubuntu1.6
2023-06-08 15:11:23 status half-configured alsa-ucm-conf:all 1.2.6.3-1ubuntu1.4
2023-06-08 15:11:23 status unpacked alsa-ucm-conf:all 1.2.6.3-1ubuntu1.4
2023-06-08 15:11:23 status half-installed alsa-ucm-conf:all 1.2.6.3-1ubuntu1.4
2023-06-08 15:11:23 status unpacked alsa-ucm-conf:all 1.2.6.3-1ubuntu1.6
2023-06-08 15:11:23 upgrade python3-problem-report:all 2.20.11-0ubuntu82.4 2.20.11-0ubuntu82.5
2023-06-08 15:11:23 status half-configured python3-problem-report:all 2.20.11-0ubuntu82.4
2023-06-08 15:11:23 status unpacked python3-problem-report:all 2.20.11-0ubuntu82.4
2023-06-08 15:11:23 status half-installed python3-problem-report:all 2.20.11-0ubuntu82.4
2023-06-08 15:11:23 status unpacked python3-problem-report:all 2.20.11-0ubuntu82.5
2023-06-08 15:11:23 upgrade python3-apport:all 2.20.11-0ubuntu82.4 2.20.11-0ubuntu82.5
2023-06-08 15:11:23 status half-configured python3-apport:all 2.20.11-0ubuntu82.4
2023-06-08 15:11:23 status unpacked python3-apport:all 2.20.11-0ubuntu82.4
2023-06-08 15:11:23 status half-installed python3-apport:all 2.20.11-0ubuntu82.4
2023-06-08 15:11:23 status unpacked python3-apport:all 2.20.11-0ubuntu82.5
2023-06-08 15:11:23 upgrade apport:all 2.20.11-0ubuntu82.4 2.20.11-0ubuntu82.5
2023-06-08 15:11:23 status half-configured apport:all 2.20.11-0ubuntu82.4
2023-06-08 15:11:23 status unpacked apport:all 2.20.11-0ubuntu82.4
2023-06-08 15:11:23 status half-installed apport:all 2.20.11-0ubuntu82.4
2023-06-08 15:11:23 status unpacked apport:all 2.20.11-0ubuntu82.5
2023-06-08 15:11:23 upgrade apport-gtk:all 2.20.11-0ubuntu82.4 2.20.11-0ubuntu82.5
2023-06-08 15:11:23 status half-configured apport-gtk:all 2.20.11-0ubuntu82.4
2023-06-08 15:11:23 status unpacked apport-gtk:all 2.20.11-0ubuntu82.4
2023-06-08 15:11:23 status half-installed apport-gtk:all 2.20.11-0ubuntu82.4
2023-06-08 15:11:23 status triggers-pending mailcap:all 3.70+nmu1ubuntu1
2023-06-08 15:11:23 status triggers-pending gnome-menus:amd64 3.36.0-1ubuntu3
2023-06-08 15:11:23 status triggers-pending desktop-file-utils:amd64 0.26-1ubuntu3
2023-06-08 15:11:24 status unpacked apport-gtk:all 2.20.11-0ubuntu82.5
2023-06-08 15:11:24 upgrade gnome-session-canberra:amd64 0.30-10ubuntu1 0.30-10ubuntu1.22.04.1
2023-06-08 15:11:24 status half-configured gnome-session-canberra:amd64 0.30-10ubuntu1
2023-06-08 15:11:24 status unpacked gnome-session-canberra:amd64 0.30-10ubuntu1
2023-06-08 15:11:24 status half-installed gnome-session-canberra:amd64 0.30-10ubuntu1
2023-06-08 15:11:24 status unpacked gnome-session-canberra:amd64 0.30-10ubuntu1.22.04.1
2023-06-08 15:11:24 upgrade im-config:all 0.50-2 0.50-2ubuntu22.04.1
2023-06-08 15:11:24 status half-configured im-config:all 0.50-2
2023-06-08 15:11:24 status unpacked im-config:all 0.50-2
2023-06-08 15:11:24 status half-installed im-config:all 0.50-2
2023-06-08 15:11:24 status unpacked im-config:all 0.50-2ubuntu22.04.1
2023-06-08 15:11:24 upgrade libfprint-2-2:amd64 1:1.94.3+tod1-0ubuntu2~22.04.03 1:1.94.3+tod1-0ubuntu2~22.04.04
2023-06-08 15:11:24 status half-configured libfprint-2-2:amd64 1:1.94.3+tod1-0ubuntu2~22.04.03
2023-06-08 15:11:24 status unpacked libfprint-2-2:amd64 1:1.94.3+tod1-0ubuntu2~22.04.03
2023-06-08 15:11:24 status half-installed libfprint-2-2:amd64 1:1.94.3+tod1-0ubuntu2~22.04.03
2023-06-08 15:11:24 status unpacked libfprint-2-2:amd64 1:1.94.3+tod1-0ubuntu2~22.04.04
2023-06-08 15:11:24 upgrade libldap-2.5-0:amd64 2.5.14+dfsg-0ubuntu0.22.04.1 2.5.14+dfsg-0ubuntu0.22.04.2
2023-06-08 15:11:24 status half-configured libldap-2.5-0:amd64 2.5.14+dfsg-0ubuntu0.22.04.1
2023-06-08 15:11:24 status unpacked libldap-2.5-0:amd64 2.5.14+dfsg-0ubuntu0.22.04.1
2023-06-08 15:11:24 status half-installed libldap-2.5-0:amd64 2.5.14+dfsg-0ubuntu0.22.04.1
2023-06-08 15:11:24 status unpacked libldap-2.5-0:amd64 2.5.14+dfsg-0ubuntu0.22.04.2
2023-06-08 15:11:24 upgrade libldap-common:all 2.5.14+dfsg-0ubuntu0.22.04.1 2.5.14+dfsg-0ubuntu0.22.04.2
2023-06-08 15:11:24 status half-configured libldap-common:all 2.5.14+dfsg-0ubuntu0.22.04.1
2023-06-08 15:11:24 status unpacked libldap-common:all 2.5.14+dfsg-0ubuntu0.22.04.1
2023-06-08 15:11:24 status half-installed libldap-common:all 2.5.14+dfsg-0ubuntu0.22.04.1
2023-06-08 15:11:24 status unpacked libldap-common:all 2.5.14+dfsg-0ubuntu0.22.04.2
2023-06-08 15:11:24 upgrade libllvm15:amd64 1:15.0.6-3~ubuntu0.22.04.2 1:15.0.7-0ubuntu0.22.04.1
2023-06-08 15:11:24 status half-configured libllvm15:amd64 1:15.0.6-3~ubuntu0.22.04.2
2023-06-08 15:11:24 status unpacked libllvm15:amd64 1:15.0.6-3~ubuntu0.22.04.2
2023-06-08 15:11:24 status half-installed libllvm15:amd64 1:15.0.6-3~ubuntu0.22.04.2
2023-06-08 15:11:25 status unpacked libllvm15:amd64 1:15.0.7-0ubuntu0.22.04.1
2023-06-08 15:11:26 upgrade linux-firmware:all 20220329.git681281e4-0ubuntu3.12 20220329.git681281e4-0ubuntu3.13
2023-06-08 15:11:26 status half-configured linux-firmware:all 20220329.git681281e4-0ubuntu3.12
2023-06-08 15:11:26 status unpacked linux-firmware:all 20220329.git681281e4-0ubuntu3.12
2023-06-08 15:11:26 status half-installed linux-firmware:all 20220329.git681281e4-0ubuntu3.12
2023-06-08 15:11:33 status unpacked linux-firmware:all 20220329.git681281e4-0ubuntu3.13
2023-06-08 15:11:34 upgrade mokutil:amd64 0.4.0-1ubuntu2 0.6.0-2~22.04.1
2023-06-08 15:11:34 status half-configured mokutil:amd64 0.4.0-1ubuntu2
2023-06-08 15:11:34 status unpacked mokutil:amd64 0.4.0-1ubuntu2
2023-06-08 15:11:34 status half-installed mokutil:amd64 0.4.0-1ubuntu2
2023-06-08 15:11:34 status unpacked mokutil:amd64 0.6.0-2~22.04.1
2023-06-08 15:11:34 upgrade software-properties-common:all 0.99.22.6 0.99.22.7
2023-06-08 15:11:34 status half-configured software-properties-common:all 0.99.22.6
2023-06-08 15:11:34 status unpacked software-properties-common:all 0.99.22.6
2023-06-08 15:11:34 status half-installed software-properties-common:all 0.99.22.6
2023-06-08 15:11:34 status unpacked software-properties-common:all 0.99.22.7
2023-06-08 15:11:34 upgrade software-properties-gtk:all 0.99.22.6 0.99.22.7
2023-06-08 15:11:34 status half-configured software-properties-gtk:all 0.99.22.6
2023-06-08 15:11:34 status unpacked software-properties-gtk:all 0.99.22.6
2023-06-08 15:11:34 status half-installed software-properties-gtk:all 0.99.22.6
2023-06-08 15:11:34 status triggers-pending shared-mime-info:amd64 2.1-2
2023-06-08 15:11:34 status unpacked software-properties-gtk:all 0.99.22.7
2023-06-08 15:11:34 upgrade python3-software-properties:all 0.99.22.6 0.99.22.7
2023-06-08 15:11:34 status half-configured python3-software-properties:all 0.99.22.6
2023-06-08 15:11:34 status unpacked python3-software-properties:all 0.99.22.6
2023-06-08 15:11:34 status half-installed python3-software-properties:all 0.99.22.6
2023-06-08 15:11:34 status unpacked python3-software-properties:all 0.99.22.7
2023-06-08 15:11:35 upgrade python3-tz:all 2022.1-1ubuntu0.22.04.0 2022.1-1ubuntu0.22.04.1
2023-06-08 15:11:35 status half-configured python3-tz:all 2022.1-1ubuntu0.22.04.0
2023-06-08 15:11:35 status unpacked python3-tz:all 2022.1-1ubuntu0.22.04.0
2023-06-08 15:11:35 status half-installed python3-tz:all 2022.1-1ubuntu0.22.04.0
2023-06-08 15:11:35 status unpacked python3-tz:all 2022.1-1ubuntu0.22.04.1
2023-06-08 15:11:35 upgrade thermald:amd64 2.4.9-1ubuntu0.1 2.4.9-1ubuntu0.2
2023-06-08 15:11:35 status half-configured thermald:amd64 2.4.9-1ubuntu0.1
2023-06-08 15:11:35 status unpacked thermald:amd64 2.4.9-1ubuntu0.1
2023-06-08 15:11:35 status half-installed thermald:amd64 2.4.9-1ubuntu0.1
2023-06-08 15:11:35 status unpacked thermald:amd64 2.4.9-1ubuntu0.2
2023-06-08 15:11:35 upgrade xserver-xephyr:amd64 2:21.1.3-2ubuntu2.9 2:21.1.4-2ubuntu1.7~22.04.1
2023-06-08 15:11:35 status half-configured xserver-xephyr:amd64 2:21.1.3-2ubuntu2.9
2023-06-08 15:11:35 status unpacked xserver-xephyr:amd64 2:21.1.3-2ubuntu2.9
2023-06-08 15:11:35 status half-installed xserver-xephyr:amd64 2:21.1.3-2ubuntu2.9
2023-06-08 15:11:35 status unpacked xserver-xephyr:amd64 2:21.1.4-2ubuntu1.7~22.04.1
2023-06-08 15:11:35 upgrade libcanberra-gtk3-module:amd64 0.30-10ubuntu1 0.30-10ubuntu1.22.04.1
2023-06-08 15:11:35 status half-configured libcanberra-gtk3-module:amd64 0.30-10ubuntu1
2023-06-08 15:11:35 status unpacked libcanberra-gtk3-module:amd64 0.30-10ubuntu1
2023-06-08 15:11:35 status half-installed libcanberra-gtk3-module:amd64 0.30-10ubuntu1
2023-06-08 15:11:35 status unpacked libcanberra-gtk3-module:amd64 0.30-10ubuntu1.22.04.1
2023-06-08 15:11:35 startup packages configure
2023-06-08 15:11:35 configure libcanberra0:amd64 0.30-10ubuntu1.22.04.1 <none>
2023-06-08 15:11:35 status unpacked libcanberra0:amd64 0.30-10ubuntu1.22.04.1
2023-06-08 15:11:35 status half-configured libcanberra0:amd64 0.30-10ubuntu1.22.04.1
2023-06-08 15:11:35 status installed libcanberra0:amd64 0.30-10ubuntu1.22.04.1
2023-06-08 15:11:35 configure apt-utils:amd64 2.4.9 <none>
2023-06-08 15:11:35 status unpacked apt-utils:amd64 2.4.9
2023-06-08 15:11:35 status half-configured apt-utils:amd64 2.4.9
2023-06-08 15:11:35 status installed apt-utils:amd64 2.4.9
2023-06-08 15:11:35 configure mokutil:amd64 0.6.0-2~22.04.1 <none>
2023-06-08 15:11:35 status unpacked mokutil:amd64 0.6.0-2~22.04.1
2023-06-08 15:11:35 status half-configured mokutil:amd64 0.6.0-2~22.04.1
2023-06-08 15:11:35 status installed mokutil:amd64 0.6.0-2~22.04.1
2023-06-08 15:11:35 configure gnome-settings-daemon-common:all 42.1-1ubuntu2.2 <none>
2023-06-08 15:11:35 status unpacked gnome-settings-daemon-common:all 42.1-1ubuntu2.2
2023-06-08 15:11:35 status half-configured gnome-settings-daemon-common:all 42.1-1ubuntu2.2
2023-06-08 15:11:35 status installed gnome-settings-daemon-common:all 42.1-1ubuntu2.2
2023-06-08 15:11:35 configure bind9-libs:amd64 1:9.18.12-0ubuntu0.22.04.1 <none>
2023-06-08 15:11:35 status unpacked bind9-libs:amd64 1:9.18.12-0ubuntu0.22.04.1
2023-06-08 15:11:35 status half-configured bind9-libs:amd64 1:9.18.12-0ubuntu0.22.04.1
2023-06-08 15:11:35 status installed bind9-libs:amd64 1:9.18.12-0ubuntu0.22.04.1
2023-06-08 15:11:35 configure alsa-ucm-conf:all 1.2.6.3-1ubuntu1.6 <none>
2023-06-08 15:11:35 status unpacked alsa-ucm-conf:all 1.2.6.3-1ubuntu1.6
2023-06-08 15:11:35 status half-configured alsa-ucm-conf:all 1.2.6.3-1ubuntu1.6
2023-06-08 15:11:35 status installed alsa-ucm-conf:all 1.2.6.3-1ubuntu1.6
2023-06-08 15:11:35 configure libpulse0:amd64 1:15.99.1+dfsg1-1ubuntu2.1 <none>
2023-06-08 15:11:35 status unpacked libpulse0:amd64 1:15.99.1+dfsg1-1ubuntu2.1
2023-06-08 15:11:35 status half-configured libpulse0:amd64 1:15.99.1+dfsg1-1ubuntu2.1
2023-06-08 15:11:35 status installed libpulse0:amd64 1:15.99.1+dfsg1-1ubuntu2.1
2023-06-08 15:11:35 configure linux-firmware:all 20220329.git681281e4-0ubuntu3.13 <none>
2023-06-08 15:11:35 status unpacked linux-firmware:all 20220329.git681281e4-0ubuntu3.13
2023-06-08 15:11:35 status half-configured linux-firmware:all 20220329.git681281e4-0ubuntu3.13
2023-06-08 15:12:05 status installed linux-firmware:all 20220329.git681281e4-0ubuntu3.13
2023-06-08 15:12:05 configure python3-problem-report:all 2.20.11-0ubuntu82.5 <none>
2023-06-08 15:12:05 status unpacked python3-problem-report:all 2.20.11-0ubuntu82.5
2023-06-08 15:12:05 status half-configured python3-problem-report:all 2.20.11-0ubuntu82.5
2023-06-08 15:12:05 status installed python3-problem-report:all 2.20.11-0ubuntu82.5
2023-06-08 15:12:05 configure libglib2.0-0:amd64 2.72.4-0ubuntu2 <none>
2023-06-08 15:12:05 status unpacked libglib2.0-0:amd64 2.72.4-0ubuntu2
2023-06-08 15:12:05 status half-configured libglib2.0-0:amd64 2.72.4-0ubuntu2
2023-06-08 15:12:05 status installed libglib2.0-0:amd64 2.72.4-0ubuntu2
2023-06-08 15:12:05 configure distro-info-data:all 0.52ubuntu0.4 <none>
2023-06-08 15:12:05 status unpacked distro-info-data:all 0.52ubuntu0.4
2023-06-08 15:12:05 status half-configured distro-info-data:all 0.52ubuntu0.4
2023-06-08 15:12:05 status installed distro-info-data:all 0.52ubuntu0.4
2023-06-08 15:12:05 configure update-notifier-common:all 3.192.54.6 <none>
2023-06-08 15:12:05 status unpacked update-notifier-common:all 3.192.54.6
2023-06-08 15:12:05 status half-configured update-notifier-common:all 3.192.54.6
2023-06-08 15:12:06 status installed update-notifier-common:all 3.192.54.6
2023-06-08 15:12:06 configure libpulsedsp:amd64 1:15.99.1+dfsg1-1ubuntu2.1 <none>
2023-06-08 15:12:06 status unpacked libpulsedsp:amd64 1:15.99.1+dfsg1-1ubuntu2.1
2023-06-08 15:12:06 status half-configured libpulsedsp:amd64 1:15.99.1+dfsg1-1ubuntu2.1
2023-06-08 15:12:06 status installed libpulsedsp:amd64 1:15.99.1+dfsg1-1ubuntu2.1
2023-06-08 15:12:06 configure libcanberra-gtk3-0:amd64 0.30-10ubuntu1.22.04.1 <none>
2023-06-08 15:12:06 status unpacked libcanberra-gtk3-0:amd64 0.30-10ubuntu1.22.04.1
2023-06-08 15:12:06 status half-configured libcanberra-gtk3-0:amd64 0.30-10ubuntu1.22.04.1
2023-06-08 15:12:06 status installed libcanberra-gtk3-0:amd64 0.30-10ubuntu1.22.04.1
2023-06-08 15:12:06 configure systemd:amd64 249.11-0ubuntu3.9 <none>
2023-06-08 15:12:06 status unpacked systemd:amd64 249.11-0ubuntu3.9
2023-06-08 15:12:06 status half-configured systemd:amd64 249.11-0ubuntu3.9
2023-06-08 15:12:07 status installed systemd:amd64 249.11-0ubuntu3.9
2023-06-08 15:12:07 configure libldap-common:all 2.5.14+dfsg-0ubuntu0.22.04.2 <none>
2023-06-08 15:12:07 status unpacked libldap-common:all 2.5.14+dfsg-0ubuntu0.22.04.2
2023-06-08 15:12:07 status half-configured libldap-common:all 2.5.14+dfsg-0ubuntu0.22.04.2
2023-06-08 15:12:07 status installed libldap-common:all 2.5.14+dfsg-0ubuntu0.22.04.2
2023-06-08 15:12:07 configure libcanberra-gtk3-module:amd64 0.30-10ubuntu1.22.04.1 <none>
2023-06-08 15:12:07 status unpacked libcanberra-gtk3-module:amd64 0.30-10ubuntu1.22.04.1
2023-06-08 15:12:07 status half-configured libcanberra-gtk3-module:amd64 0.30-10ubuntu1.22.04.1
2023-06-08 15:12:07 status installed libcanberra-gtk3-module:amd64 0.30-10ubuntu1.22.04.1
2023-06-08 15:12:07 configure libldap-2.5-0:amd64 2.5.14+dfsg-0ubuntu0.22.04.2 <none>
2023-06-08 15:12:07 status unpacked libldap-2.5-0:amd64 2.5.14+dfsg-0ubuntu0.22.04.2
2023-06-08 15:12:07 status half-configured libldap-2.5-0:amd64 2.5.14+dfsg-0ubuntu0.22.04.2
2023-06-08 15:12:07 status installed libldap-2.5-0:amd64 2.5.14+dfsg-0ubuntu0.22.04.2
2023-06-08 15:12:07 configure python3-apport:all 2.20.11-0ubuntu82.5 <none>
2023-06-08 15:12:07 status unpacked python3-apport:all 2.20.11-0ubuntu82.5
2023-06-08 15:12:07 status half-configured python3-apport:all 2.20.11-0ubuntu82.5
2023-06-08 15:12:08 status installed python3-apport:all 2.20.11-0ubuntu82.5
2023-06-08 15:12:08 configure tzdata:all 2023c-0ubuntu0.22.04.2 <none>
2023-06-08 15:12:08 status unpacked tzdata:all 2023c-0ubuntu0.22.04.2
2023-06-08 15:12:08 status half-configured tzdata:all 2023c-0ubuntu0.22.04.2
2023-06-08 15:12:08 status installed tzdata:all 2023c-0ubuntu0.22.04.2
2023-06-08 15:12:08 configure libglib2.0-data:all 2.72.4-0ubuntu2 <none>
2023-06-08 15:12:08 status unpacked libglib2.0-data:all 2.72.4-0ubuntu2
2023-06-08 15:12:08 status half-configured libglib2.0-data:all 2.72.4-0ubuntu2
2023-06-08 15:12:08 status installed libglib2.0-data:all 2.72.4-0ubuntu2
2023-06-08 15:12:08 configure python3-software-properties:all 0.99.22.7 <none>
2023-06-08 15:12:08 status unpacked python3-software-properties:all 0.99.22.7
2023-06-08 15:12:08 status half-configured python3-software-properties:all 0.99.22.7
2023-06-08 15:12:09 status installed python3-software-properties:all 0.99.22.7
2023-06-08 15:12:09 configure libpulse-mainloop-glib0:amd64 1:15.99.1+dfsg1-1ubuntu2.1 <none>
2023-06-08 15:12:09 status unpacked libpulse-mainloop-glib0:amd64 1:15.99.1+dfsg1-1ubuntu2.1
2023-06-08 15:12:09 status half-configured libpulse-mainloop-glib0:amd64 1:15.99.1+dfsg1-1ubuntu2.1
2023-06-08 15:12:09 status installed libpulse-mainloop-glib0:amd64 1:15.99.1+dfsg1-1ubuntu2.1
2023-06-08 15:12:09 configure pulseaudio-utils:amd64 1:15.99.1+dfsg1-1ubuntu2.1 <none>
2023-06-08 15:12:09 status unpacked pulseaudio-utils:amd64 1:15.99.1+dfsg1-1ubuntu2.1
2023-06-08 15:12:09 status half-configured pulseaudio-utils:amd64 1:15.99.1+dfsg1-1ubuntu2.1
2023-06-08 15:12:09 status installed pulseaudio-utils:amd64 1:15.99.1+dfsg1-1ubuntu2.1
2023-06-08 15:12:09 configure systemd-timesyncd:amd64 249.11-0ubuntu3.9 <none>
2023-06-08 15:12:09 status unpacked systemd-timesyncd:amd64 249.11-0ubuntu3.9
2023-06-08 15:12:09 status half-configured systemd-timesyncd:amd64 249.11-0ubuntu3.9
2023-06-08 15:12:09 status installed systemd-timesyncd:amd64 249.11-0ubuntu3.9
2023-06-08 15:12:09 configure udev:amd64 249.11-0ubuntu3.9 <none>
2023-06-08 15:12:09 status unpacked udev:amd64 249.11-0ubuntu3.9
2023-06-08 15:12:09 status half-configured udev:amd64 249.11-0ubuntu3.9
2023-06-08 15:12:11 status installed udev:amd64 249.11-0ubuntu3.9
2023-06-08 15:12:11 configure im-config:all 0.50-2ubuntu22.04.1 <none>
2023-06-08 15:12:11 status unpacked im-config:all 0.50-2ubuntu22.04.1
2023-06-08 15:12:11 status half-configured im-config:all 0.50-2ubuntu22.04.1
2023-06-08 15:12:11 status installed im-config:all 0.50-2ubuntu22.04.1
2023-06-08 15:12:11 configure libllvm15:amd64 1:15.0.7-0ubuntu0.22.04.1 <none>
2023-06-08 15:12:11 status unpacked libllvm15:amd64 1:15.0.7-0ubuntu0.22.04.1
2023-06-08 15:12:11 status half-configured libllvm15:amd64 1:15.0.7-0ubuntu0.22.04.1
2023-06-08 15:12:11 status installed libllvm15:amd64 1:15.0.7-0ubuntu0.22.04.1
2023-06-08 15:12:11 configure systemd-oomd:amd64 249.11-0ubuntu3.9 <none>
2023-06-08 15:12:11 status unpacked systemd-oomd:amd64 249.11-0ubuntu3.9
2023-06-08 15:12:11 status half-configured systemd-oomd:amd64 249.11-0ubuntu3.9
2023-06-08 15:12:11 status installed systemd-oomd:amd64 249.11-0ubuntu3.9
2023-06-08 15:12:11 configure update-notifier:amd64 3.192.54.6 <none>
2023-06-08 15:12:11 status unpacked update-notifier:amd64 3.192.54.6
2023-06-08 15:12:11 status half-configured update-notifier:amd64 3.192.54.6
2023-06-08 15:12:11 status installed update-notifier:amd64 3.192.54.6
2023-06-08 15:12:11 configure ubuntu-advantage-tools:amd64 27.14.4~22.04 <none>
2023-06-08 15:12:11 status unpacked ubuntu-advantage-tools:amd64 27.14.4~22.04
2023-06-08 15:12:11 status half-configured ubuntu-advantage-tools:amd64 27.14.4~22.04
2023-06-08 15:12:14 status installed ubuntu-advantage-tools:amd64 27.14.4~22.04
2023-06-08 15:12:14 configure xserver-common:all 2:21.1.4-2ubuntu1.7~22.04.1 <none>
2023-06-08 15:12:14 status unpacked xserver-common:all 2:21.1.4-2ubuntu1.7~22.04.1
2023-06-08 15:12:14 status half-configured xserver-common:all 2:21.1.4-2ubuntu1.7~22.04.1
2023-06-08 15:12:14 status installed xserver-common:all 2:21.1.4-2ubuntu1.7~22.04.1
2023-06-08 15:12:14 configure bind9-host:amd64 1:9.18.12-0ubuntu0.22.04.1 <none>
2023-06-08 15:12:14 status unpacked bind9-host:amd64 1:9.18.12-0ubuntu0.22.04.1
2023-06-08 15:12:14 status half-configured bind9-host:amd64 1:9.18.12-0ubuntu0.22.04.1
2023-06-08 15:12:14 status installed bind9-host:amd64 1:9.18.12-0ubuntu0.22.04.1
2023-06-08 15:12:14 configure xserver-xorg-legacy:amd64 2:21.1.4-2ubuntu1.7~22.04.1 <none>
2023-06-08 15:12:14 status unpacked xserver-xorg-legacy:amd64 2:21.1.4-2ubuntu1.7~22.04.1
2023-06-08 15:12:14 status half-configured xserver-xorg-legacy:amd64 2:21.1.4-2ubuntu1.7~22.04.1
2023-06-08 15:12:14 status installed xserver-xorg-legacy:amd64 2:21.1.4-2ubuntu1.7~22.04.1
2023-06-08 15:12:14 configure thermald:amd64 2.4.9-1ubuntu0.2 <none>
2023-06-08 15:12:14 status unpacked thermald:amd64 2.4.9-1ubuntu0.2
2023-06-08 15:12:14 status half-configured thermald:amd64 2.4.9-1ubuntu0.2
2023-06-08 15:12:15 status installed thermald:amd64 2.4.9-1ubuntu0.2
2023-06-08 15:12:15 configure libfprint-2-2:amd64 1:1.94.3+tod1-0ubuntu2~22.04.04 <none>
2023-06-08 15:12:15 status unpacked libfprint-2-2:amd64 1:1.94.3+tod1-0ubuntu2~22.04.04
2023-06-08 15:12:15 status half-configured libfprint-2-2:amd64 1:1.94.3+tod1-0ubuntu2~22.04.04
2023-06-08 15:12:52 status installed libfprint-2-2:amd64 1:1.94.3+tod1-0ubuntu2~22.04.04
2023-06-08 15:12:52 configure systemd-sysv:amd64 249.11-0ubuntu3.9 <none>
2023-06-08 15:12:52 status unpacked systemd-sysv:amd64 249.11-0ubuntu3.9
2023-06-08 15:12:52 status half-configured systemd-sysv:amd64 249.11-0ubuntu3.9
2023-06-08 15:12:52 status installed systemd-sysv:amd64 249.11-0ubuntu3.9
2023-06-08 15:12:52 configure libgdm1:amd64 42.0-1ubuntu7.22.04.2 <none>
2023-06-08 15:12:52 status unpacked libgdm1:amd64 42.0-1ubuntu7.22.04.2
2023-06-08 15:12:52 status half-configured libgdm1:amd64 42.0-1ubuntu7.22.04.2
2023-06-08 15:12:52 status installed libgdm1:amd64 42.0-1ubuntu7.22.04.2
2023-06-08 15:12:52 configure gnome-session-canberra:amd64 0.30-10ubuntu1.22.04.1 <none>
2023-06-08 15:12:52 status unpacked gnome-session-canberra:amd64 0.30-10ubuntu1.22.04.1
2023-06-08 15:12:52 status half-configured gnome-session-canberra:amd64 0.30-10ubuntu1.22.04.1
2023-06-08 15:12:52 status installed gnome-session-canberra:amd64 0.30-10ubuntu1.22.04.1
2023-06-08 15:12:52 configure xserver-xorg-core:amd64 2:21.1.4-2ubuntu1.7~22.04.1 <none>
2023-06-08 15:12:52 status unpacked xserver-xorg-core:amd64 2:21.1.4-2ubuntu1.7~22.04.1
2023-06-08 15:12:52 status half-configured xserver-xorg-core:amd64 2:21.1.4-2ubuntu1.7~22.04.1
2023-06-08 15:12:52 status installed xserver-xorg-core:amd64 2:21.1.4-2ubuntu1.7~22.04.1
2023-06-08 15:12:52 configure libglib2.0-bin:amd64 2.72.4-0ubuntu2 <none>
2023-06-08 15:12:52 status unpacked libglib2.0-bin:amd64 2.72.4-0ubuntu2
2023-06-08 15:12:52 status half-configured libglib2.0-bin:amd64 2.72.4-0ubuntu2
2023-06-08 15:12:52 status installed libglib2.0-bin:amd64 2.72.4-0ubuntu2
2023-06-08 15:12:52 configure libnss-systemd:amd64 249.11-0ubuntu3.9 <none>
2023-06-08 15:12:52 status unpacked libnss-systemd:amd64 249.11-0ubuntu3.9
2023-06-08 15:12:52 status half-configured libnss-systemd:amd64 249.11-0ubuntu3.9
2023-06-08 15:12:52 status installed libnss-systemd:amd64 249.11-0ubuntu3.9
2023-06-08 15:12:52 configure pulseaudio:amd64 1:15.99.1+dfsg1-1ubuntu2.1 <none>
2023-06-08 15:12:52 status unpacked pulseaudio:amd64 1:15.99.1+dfsg1-1ubuntu2.1
2023-06-08 15:12:52 status half-configured pulseaudio:amd64 1:15.99.1+dfsg1-1ubuntu2.1
2023-06-08 15:12:54 status installed pulseaudio:amd64 1:15.99.1+dfsg1-1ubuntu2.1
2023-06-08 15:12:54 configure software-properties-common:all 0.99.22.7 <none>
2023-06-08 15:12:54 status unpacked software-properties-common:all 0.99.22.7
2023-06-08 15:12:54 status half-configured software-properties-common:all 0.99.22.7
2023-06-08 15:12:54 status installed software-properties-common:all 0.99.22.7
2023-06-08 15:12:54 configure apport:all 2.20.11-0ubuntu82.5 <none>
2023-06-08 15:12:54 status unpacked apport:all 2.20.11-0ubuntu82.5
2023-06-08 15:12:54 status half-configured apport:all 2.20.11-0ubuntu82.5
2023-06-08 15:12:56 status installed apport:all 2.20.11-0ubuntu82.5
2023-06-08 15:12:56 configure python3-tz:all 2022.1-1ubuntu0.22.04.1 <none>
2023-06-08 15:12:56 status unpacked python3-tz:all 2022.1-1ubuntu0.22.04.1
2023-06-08 15:12:56 status half-configured python3-tz:all 2022.1-1ubuntu0.22.04.1
2023-06-08 15:12:56 status installed python3-tz:all 2022.1-1ubuntu0.22.04.1
2023-06-08 15:12:56 configure xserver-xephyr:amd64 2:21.1.4-2ubuntu1.7~22.04.1 <none>
2023-06-08 15:12:56 status unpacked xserver-xephyr:amd64 2:21.1.4-2ubuntu1.7~22.04.1
2023-06-08 15:12:56 status half-configured xserver-xephyr:amd64 2:21.1.4-2ubuntu1.7~22.04.1
2023-06-08 15:12:56 status installed xserver-xephyr:amd64 2:21.1.4-2ubuntu1.7~22.04.1
2023-06-08 15:12:56 configure pulseaudio-module-bluetooth:amd64 1:15.99.1+dfsg1-1ubuntu2.1 <none>
2023-06-08 15:12:56 status unpacked pulseaudio-module-bluetooth:amd64 1:15.99.1+dfsg1-1ubuntu2.1
2023-06-08 15:12:56 status half-configured pulseaudio-module-bluetooth:amd64 1:15.99.1+dfsg1-1ubuntu2.1
2023-06-08 15:12:56 status installed pulseaudio-module-bluetooth:amd64 1:15.99.1+dfsg1-1ubuntu2.1
2023-06-08 15:12:56 configure apport-gtk:all 2.20.11-0ubuntu82.5 <none>
2023-06-08 15:12:56 status unpacked apport-gtk:all 2.20.11-0ubuntu82.5
2023-06-08 15:12:56 status half-configured apport-gtk:all 2.20.11-0ubuntu82.5
2023-06-08 15:12:56 status installed apport-gtk:all 2.20.11-0ubuntu82.5
2023-06-08 15:12:56 configure libpam-systemd:amd64 249.11-0ubuntu3.9 <none>
2023-06-08 15:12:56 status unpacked libpam-systemd:amd64 249.11-0ubuntu3.9
2023-06-08 15:12:56 status half-configured libpam-systemd:amd64 249.11-0ubuntu3.9
2023-06-08 15:12:57 status installed libpam-systemd:amd64 249.11-0ubuntu3.9
2023-06-08 15:12:57 configure bind9-dnsutils:amd64 1:9.18.12-0ubuntu0.22.04.1 <none>
2023-06-08 15:12:57 status unpacked bind9-dnsutils:amd64 1:9.18.12-0ubuntu0.22.04.1
2023-06-08 15:12:57 status half-configured bind9-dnsutils:amd64 1:9.18.12-0ubuntu0.22.04.1
2023-06-08 15:12:57 status installed bind9-dnsutils:amd64 1:9.18.12-0ubuntu0.22.04.1
2023-06-08 15:12:57 configure gir1.2-gdm-1.0:amd64 42.0-1ubuntu7.22.04.2 <none>
2023-06-08 15:12:57 status unpacked gir1.2-gdm-1.0:amd64 42.0-1ubuntu7.22.04.2
2023-06-08 15:12:57 status half-configured gir1.2-gdm-1.0:amd64 42.0-1ubuntu7.22.04.2
2023-06-08 15:12:57 status installed gir1.2-gdm-1.0:amd64 42.0-1ubuntu7.22.04.2
2023-06-08 15:12:57 configure libcanberra-pulse:amd64 0.30-10ubuntu1.22.04.1 <none>
2023-06-08 15:12:57 status unpacked libcanberra-pulse:amd64 0.30-10ubuntu1.22.04.1
2023-06-08 15:12:57 status half-configured libcanberra-pulse:amd64 0.30-10ubuntu1.22.04.1
2023-06-08 15:12:57 status installed libcanberra-pulse:amd64 0.30-10ubuntu1.22.04.1
2023-06-08 15:12:57 configure gnome-settings-daemon:amd64 42.1-1ubuntu2.2 <none>
2023-06-08 15:12:57 status unpacked gnome-settings-daemon:amd64 42.1-1ubuntu2.2
2023-06-08 15:12:57 status half-configured gnome-settings-daemon:amd64 42.1-1ubuntu2.2
2023-06-08 15:12:57 status installed gnome-settings-daemon:amd64 42.1-1ubuntu2.2
2023-06-08 15:12:57 configure software-properties-gtk:all 0.99.22.7 <none>
2023-06-08 15:12:57 status unpacked software-properties-gtk:all 0.99.22.7
2023-06-08 15:12:57 status half-configured software-properties-gtk:all 0.99.22.7
2023-06-08 15:12:57 status installed software-properties-gtk:all 0.99.22.7
2023-06-08 15:12:57 configure gdm3:amd64 42.0-1ubuntu7.22.04.2 <none>
2023-06-08 15:12:57 status unpacked gdm3:amd64 42.0-1ubuntu7.22.04.2
2023-06-08 15:12:57 status half-configured gdm3:amd64 42.0-1ubuntu7.22.04.2
2023-06-08 15:12:59 status installed gdm3:amd64 42.0-1ubuntu7.22.04.2
2023-06-08 15:12:59 trigproc desktop-file-utils:amd64 0.26-1ubuntu3 <none>
2023-06-08 15:12:59 status half-configured desktop-file-utils:amd64 0.26-1ubuntu3
2023-06-08 15:12:59 status installed desktop-file-utils:amd64 0.26-1ubuntu3
2023-06-08 15:12:59 trigproc initramfs-tools:all 0.140ubuntu13.1 <none>
2023-06-08 15:12:59 status half-configured initramfs-tools:all 0.140ubuntu13.1
2023-06-08 15:13:12 status installed initramfs-tools:all 0.140ubuntu13.1
2023-06-08 15:13:12 trigproc hicolor-icon-theme:all 0.17-2 <none>
2023-06-08 15:13:12 status half-configured hicolor-icon-theme:all 0.17-2
2023-06-08 15:13:12 status installed hicolor-icon-theme:all 0.17-2
2023-06-08 15:13:12 trigproc gnome-menus:amd64 3.36.0-1ubuntu3 <none>
2023-06-08 15:13:12 status half-configured gnome-menus:amd64 3.36.0-1ubuntu3
2023-06-08 15:13:12 status installed gnome-menus:amd64 3.36.0-1ubuntu3
2023-06-08 15:13:12 trigproc libc-bin:amd64 2.35-0ubuntu3.1 <none>
2023-06-08 15:13:12 status half-configured libc-bin:amd64 2.35-0ubuntu3.1
2023-06-08 15:13:12 status installed libc-bin:amd64 2.35-0ubuntu3.1
2023-06-08 15:13:12 trigproc man-db:amd64 2.10.2-1 <none>
2023-06-08 15:13:12 status half-configured man-db:amd64 2.10.2-1
2023-06-08 15:13:13 status installed man-db:amd64 2.10.2-1
2023-06-08 15:13:13 trigproc dbus:amd64 1.12.20-2ubuntu4.1 <none>
2023-06-08 15:13:13 status half-configured dbus:amd64 1.12.20-2ubuntu4.1
2023-06-08 15:13:13 status installed dbus:amd64 1.12.20-2ubuntu4.1
2023-06-08 15:13:13 trigproc shared-mime-info:amd64 2.1-2 <none>
2023-06-08 15:13:13 status half-configured shared-mime-info:amd64 2.1-2
2023-06-08 15:13:14 status installed shared-mime-info:amd64 2.1-2
2023-06-08 15:13:14 trigproc mailcap:all 3.70+nmu1ubuntu1 <none>
2023-06-08 15:13:14 status half-configured mailcap:all 3.70+nmu1ubuntu1
2023-06-08 15:13:14 status installed mailcap:all 3.70+nmu1ubuntu1
